Log file open, 07/25/20 15:54:40
LogPakFile: Display: Found Pak file ../../../DungeonEditor/Content/Paks/pakchunk0-WindowsNoEditor.pak attempting to mount.
LogPakFile: Display: Mounting pak file ../../../DungeonEditor/Content/Paks/pakchunk0-WindowsNoEditor.pak.
LogPlatformFile: Not using cached read wrapper
LogTaskGraph: Started task graph with 5 named threads and 47 total threads with 3 sets of task threads.
LogStats: Stats thread started at 0.043777
LogD3D11RHI: Loaded GFSDK_Aftermath_Lib.x64.dll
LogICUInternationalization: ICU TimeZone Detection - Raw Offset: +1:00, Platform Override: ''
LogPluginManager: Mounting plugin Niagara
LogPluginManager: Mounting plugin NiagaraExtras
LogPluginManager: Mounting plugin HTTPChunkInstaller
LogPluginManager: Mounting plugin OnlineFramework
LogPluginManager: Mounting plugin OnlineSubsystem
LogPluginManager: Mounting plugin OnlineSubsystemUtils
LogPluginManager: Mounting plugin PerformanceMonitor
LogPluginManager: Mounting plugin WebBrowserWidget
LogPluginManager: Mounting plugin RawInput
LogPluginManager: Mounting plugin Composure
LogPluginManager: Mounting plugin LensDistortion
LogPluginManager: Mounting plugin BlueprintMaterialTextureNodes
LogPluginManager: Mounting plugin MediaIOFramework
LogPluginManager: Mounting plugin OpenColorIO
LogPluginManager: Mounting plugin Paper2D
LogPluginManager: Mounting plugin AISupport
LogPluginManager: Mounting plugin LightPropagationVolume
LogPluginManager: Mounting plugin AnimationSharing
LogPluginManager: Mounting plugin SignificanceManager
LogPluginManager: Mounting plugin UObjectPlugin
LogPluginManager: Mounting plugin AssetManagerEditor
LogPluginManager: Mounting plugin FacialAnimation
LogPluginManager: Mounting plugin GeometryMode
LogPluginManager: Mounting plugin DatasmithContent
LogPluginManager: Mounting plugin VariantManagerContent
LogPluginManager: Mounting plugin AlembicImporter
LogPluginManager: Mounting plugin GeometryCache
LogPluginManager: Mounting plugin AutomationUtils
LogPluginManager: Mounting plugin ScreenshotTools
LogPluginManager: Mounting plugin BackChannel
LogPluginManager: Mounting plugin ChaosClothEditor
LogPluginManager: Mounting plugin ChaosCloth
LogPluginManager: Mounting plugin ChaosEditor
LogPluginManager: Mounting plugin PlanarCut
LogPluginManager: Mounting plugin GeometryProcessing
LogPluginManager: Mounting plugin EditableMesh
LogPluginManager: Mounting plugin GeometryCollectionPlugin
LogPluginManager: Mounting plugin ProceduralMeshComponent
LogPluginManager: Mounting plugin ChaosSolverPlugin
LogPluginManager: Mounting plugin ChaosNiagara
LogPluginManager: Mounting plugin CharacterAI
LogPluginManager: Mounting plugin PlatformCrypto
LogPluginManager: Mounting plugin MagicLeapPassableWorld
LogPluginManager: Mounting plugin MagicLeap
LogPluginManager: Mounting plugin MLSDK
LogPluginManager: Mounting plugin MagicLeapLightEstimation
LogPluginManager: Mounting plugin AvfMedia
LogPluginManager: Mounting plugin ImgMedia
LogPluginManager: Mounting plugin MediaCompositing
LogPluginManager: Mounting plugin WmfMedia
LogPluginManager: Mounting plugin MeshPainting
LogPluginManager: Mounting plugin TcpMessaging
LogPluginManager: Mounting plugin UdpMessaging
LogPluginManager: Mounting plugin ActorSequence
LogPluginManager: Mounting plugin LevelSequenceEditor
LogPluginManager: Mounting plugin MatineeToLevelSequence
LogPluginManager: Mounting plugin TemplateSequence
LogPluginManager: Mounting plugin MovieRenderPipeline
LogPluginManager: Mounting plugin EditorScriptingUtilities
LogPluginManager: Mounting plugin NetcodeUnitTest
LogPluginManager: Mounting plugin OnlineSubsystemNull
LogPluginManager: Mounting plugin LauncherChunkInstaller
LogPluginManager: Mounting plugin AndroidPermission
LogPluginManager: Mounting plugin AppleImageUtils
LogPluginManager: Mounting plugin ArchVisCharacter
LogPluginManager: Mounting plugin AssetTags
LogPluginManager: Mounting plugin AudioCapture
LogPluginManager: Mounting plugin CableComponent
LogPluginManager: Mounting plugin CustomMeshComponent
LogPluginManager: Mounting plugin ExampleDeviceProfileSelector
LogPluginManager: Mounting plugin GooglePAD
LogPluginManager: Mounting plugin LocationServicesBPLibrary
LogPluginManager: Mounting plugin MobilePatchingUtils
LogPluginManager: Mounting plugin OculusVR
LogPluginManager: Mounting plugin PhysXVehicles
LogPluginManager: Mounting plugin RuntimePhysXCooking
LogPluginManager: Mounting plugin SoundFields
LogPluginManager: Mounting plugin SteamVR
LogPluginManager: Mounting plugin Synthesis
LogPluginManager: Mounting plugin WebMMoviePlayer
LogPluginManager: Mounting plugin WebMMedia
LogPluginManager: Mounting plugin WindowsMoviePlayer
LogInit: Using libcurl 7.55.1-DEV
LogInit:  - built for x86_64-pc-win32
LogInit:  - supports SSL with OpenSSL/1.1.1
LogInit:  - supports HTTP deflate (compression) using libz 1.2.8
LogInit:  - other features:
LogInit:      CURL_VERSION_SSL
LogInit:      CURL_VERSION_LIBZ
LogInit:      CURL_VERSION_IPV6
LogInit:      CURL_VERSION_ASYNCHDNS
LogInit:      CURL_VERSION_LARGEFILE
LogInit:      CURL_VERSION_IDN
LogInit:  CurlRequestOptions (configurable via config and command line):
LogInit:  - bVerifyPeer = true  - Libcurl will verify peer certificate
LogInit:  - bUseHttpProxy = false  - Libcurl will NOT use HTTP proxy
LogInit:  - bDontReuseConnections = false  - Libcurl will reuse connections
LogInit:  - MaxHostConnections = 16  - Libcurl will limit the number of connections to a host
LogInit:  - LocalHostAddr = Default
LogInit:  - BufferSize = 65536
LogOnline: OSS: Creating online subsystem instance for: NULL
LogInit: WinSock: version 1.1 (2.2), MaxSocks=32767, MaxUdp=65467
LogOnline: OSS: TryLoadSubsystemAndSetDefault: Loaded subsystem for module [NULL]
LogInit: Build: ++UE4+Release-4.25-CL-13594126
LogInit: Engine Version: 4.25.1-13594126+++UE4+Release-4.25
LogInit: Compatible Engine Version: 4.25.0-13144385+++UE4+Release-4.25
LogInit: Net CL: 13144385
LogInit: OS: Windows 10 (Release 2004) (), CPU: Intel(R) Core(TM) i7-10700K CPU @ 3.80GHz, GPU: NVIDIA GeForce RTX 2080 SUPER
LogInit: Compiled (64-bit): Jun  2 2020 06:19:14
LogInit: Compiled with Visual C++: 19.16.27032.01
LogInit: Build Configuration: Development
LogInit: Branch Name: ++UE4+Release-4.25
LogInit: Command Line: 
LogInit: Base Directory: D:/DungeonEditor/Saved/StagedBuilds/WindowsNoEditor/DungeonEditor/Binaries/Win64/
LogInit: Allocator: binned2
LogInit: Installed Engine Build: 0
LogDevObjectVersion: Number of dev versions registered: 26
LogDevObjectVersion:   Dev-Blueprints (B0D832E4-1F89-4F0D-ACCF-7EB736FD4AA2): 10
LogDevObjectVersion:   Dev-Build (E1C64328-A22C-4D53-A36C-8E866417BD8C): 0
LogDevObjectVersion:   Dev-Core (375EC13C-06E4-48FB-B500-84F0262A717E): 4
LogDevObjectVersion:   Dev-Editor (E4B068ED-F494-42E9-A231-DA0B2E46BB41): 38
LogDevObjectVersion:   Dev-Framework (CFFC743F-43B0-4480-9391-14DF171D2073): 37
LogDevObjectVersion:   Dev-Mobile (B02B49B5-BB20-44E9-A304-32B752E40360): 2
LogDevObjectVersion:   Dev-Networking (A4E4105C-59A1-49B5-A7C5-40C4547EDFEE): 0
LogDevObjectVersion:   Dev-Online (39C831C9-5AE6-47DC-9A44-9C173E1C8E7C): 0
LogDevObjectVersion:   Dev-Physics (78F01B33-EBEA-4F98-B9B4-84EACCB95AA2): 4
LogDevObjectVersion:   Dev-Platform (6631380F-2D4D-43E0-8009-CF276956A95A): 0
LogDevObjectVersion:   Dev-Rendering (12F88B9F-8875-4AFC-A67C-D90C383ABD29): 43
LogDevObjectVersion:   Dev-Sequencer (7B5AE74C-D270-4C10-A958-57980B212A5A): 12
LogDevObjectVersion:   Dev-VR (D7296918-1DD6-4BDD-9DE2-64A83CC13884): 3
LogDevObjectVersion:   Dev-LoadTimes (C2A15278-BFE7-4AFE-6C17-90FF531DF755): 1
LogDevObjectVersion:   Private-Geometry (6EACA3D4-40EC-4CC1-B786-8BED09428FC5): 3
LogDevObjectVersion:   Dev-AnimPhys (29E575DD-E0A3-4627-9D10-D276232CDCEA): 17
LogDevObjectVersion:   Dev-Anim (AF43A65D-7FD3-4947-9873-3E8ED9C1BB05): 7
LogDevObjectVersion:   Dev-ReflectionCapture (6B266CEC-1EC7-4B8F-A30B-E4D90942FC07): 1
LogDevObjectVersion:   Dev-Automation (0DF73D61-A23F-47EA-B727-89E90C41499A): 1
LogDevObjectVersion:   FortniteMain (601D1886-AC64-4F84-AA16-D3DE0DEAC7D6): 31
LogDevObjectVersion:   Dev-Enterprise (9DFFBCD6-494F-0158-E221-12823C92A888): 10
LogDevObjectVersion:   Dev-Niagara (F2AED0AC-9AFE-416F-8664-AA7FFA26D6FC): 1
LogDevObjectVersion:   Dev-Destruction (174F1F0B-B4C6-45A5-B13F-2EE8D0FB917D): 10
LogDevObjectVersion:   Dev-Physics-Ext (35F94A83-E258-406C-A318-09F59610247C): 37
LogDevObjectVersion:   Dev-PhysicsMaterial-Chaos (B68FC16E-8B1B-42E2-B453-215C058844FE): 1
LogDevObjectVersion:   Dev-CineCamera (B2E18506-4273-CFC2-A54E-F4BB758BBA07): 1
LogInit: Presizing for max 2097152 objects, including 1 objects not considered by GC, pre-allocating 0 bytes for permanent pool.
LogConfig: Applying CVar settings from Section [/Script/Engine.StreamingSettings] File [../../../DungeonEditor/Saved/Config/WindowsNoEditor/Engine.ini]
LogConfig: Setting CVar [[s.MinBulkDataSizeForAsyncLoading:131072]]
LogConfig: Setting CVar [[s.AsyncLoadingThreadEnabled:0]]
LogConfig: Setting CVar [[s.EventDrivenLoaderEnabled:1]]
LogConfig: Setting CVar [[s.WarnIfTimeLimitExceeded:0]]
LogConfig: Setting CVar [[s.TimeLimitExceededMultiplier:1.5]]
LogConfig: Setting CVar [[s.TimeLimitExceededMinTime:0.005]]
LogConfig: Setting CVar [[s.UseBackgroundLevelStreaming:1]]
LogConfig: Setting CVar [[s.PriorityAsyncLoadingExtraTime:15.0]]
LogConfig: Setting CVar [[s.LevelStreamingActorsUpdateTimeLimit:5.0]]
LogConfig: Setting CVar [[s.PriorityLevelStreamingActorsUpdateExtraTime:5.0]]
LogConfig: Setting CVar [[s.LevelStreamingComponentsRegistrationGranularity:10]]
LogConfig: Setting CVar [[s.UnregisterComponentsTimeLimit:1.0]]
LogConfig: Setting CVar [[s.LevelStreamingComponentsUnregistrationGranularity:5]]
LogConfig: Setting CVar [[s.FlushStreamingOnExit:1]]
LogStreaming: Display: Async Loading initialized: Event Driven Loader: true, Async Loading Thread: false, Async Post Load: true
LogInit: Object subsystem initialized
LogConfig: Setting CVar [[con.DebugEarlyDefault:1]]
LogConfig: Setting CVar [[r.setres:1280x720]]
LogConfig: Setting CVar [[fx.NiagaraAllowRuntimeScalabilityChanges:1]]
[2020.07.25-13.54.40:369][  0]LogConfig: Setting CVar [[con.DebugEarlyDefault:1]]
[2020.07.25-13.54.40:369][  0]LogConfig: Setting CVar [[r.setres:1280x720]]
[2020.07.25-13.54.40:369][  0]LogConfig: Setting CVar [[fx.NiagaraAllowRuntimeScalabilityChanges:1]]
[2020.07.25-13.54.40:369][  0]LogConfig: Applying CVar settings from Section [/Script/Engine.RendererSettings] File [../../../DungeonEditor/Saved/Config/WindowsNoEditor/Engine.ini]
[2020.07.25-13.54.40:369][  0]LogConfig: Setting CVar [[r.GPUCrashDebugging:0]]
[2020.07.25-13.54.40:369][  0]LogConfig: Applying CVar settings from Section [/Script/Engine.RendererOverrideSettings] File [../../../DungeonEditor/Saved/Config/WindowsNoEditor/Engine.ini]
[2020.07.25-13.54.40:369][  0]LogConfig: Applying CVar settings from Section [/Script/Engine.StreamingSettings] File [../../../DungeonEditor/Saved/Config/WindowsNoEditor/Engine.ini]
[2020.07.25-13.54.40:369][  0]LogConfig: Setting CVar [[s.MinBulkDataSizeForAsyncLoading:131072]]
[2020.07.25-13.54.40:369][  0]LogConfig: Setting CVar [[s.AsyncLoadingThreadEnabled:0]]
[2020.07.25-13.54.40:369][  0]LogConfig: Setting CVar [[s.EventDrivenLoaderEnabled:1]]
[2020.07.25-13.54.40:369][  0]LogConfig: Setting CVar [[s.WarnIfTimeLimitExceeded:0]]
[2020.07.25-13.54.40:369][  0]LogConfig: Setting CVar [[s.TimeLimitExceededMultiplier:1.5]]
[2020.07.25-13.54.40:369][  0]LogConfig: Setting CVar [[s.TimeLimitExceededMinTime:0.005]]
[2020.07.25-13.54.40:369][  0]LogConfig: Setting CVar [[s.UseBackgroundLevelStreaming:1]]
[2020.07.25-13.54.40:369][  0]LogConfig: Setting CVar [[s.PriorityAsyncLoadingExtraTime:15.0]]
[2020.07.25-13.54.40:369][  0]LogConfig: Setting CVar [[s.LevelStreamingActorsUpdateTimeLimit:5.0]]
[2020.07.25-13.54.40:369][  0]LogConfig: Setting CVar [[s.PriorityLevelStreamingActorsUpdateExtraTime:5.0]]
[2020.07.25-13.54.40:369][  0]LogConfig: Setting CVar [[s.LevelStreamingComponentsRegistrationGranularity:10]]
[2020.07.25-13.54.40:369][  0]LogConfig: Setting CVar [[s.UnregisterComponentsTimeLimit:1.0]]
[2020.07.25-13.54.40:369][  0]LogConfig: Setting CVar [[s.LevelStreamingComponentsUnregistrationGranularity:5]]
[2020.07.25-13.54.40:369][  0]LogConfig: Setting CVar [[s.FlushStreamingOnExit:1]]
[2020.07.25-13.54.40:369][  0]LogConfig: Applying CVar settings from Section [/Script/Engine.GarbageCollectionSettings] File [../../../DungeonEditor/Saved/Config/WindowsNoEditor/Engine.ini]
[2020.07.25-13.54.40:369][  0]LogConfig: Setting CVar [[gc.MaxObjectsNotConsideredByGC:1]]
[2020.07.25-13.54.40:369][  0]LogConfig: Setting CVar [[gc.SizeOfPermanentObjectPool:0]]
[2020.07.25-13.54.40:369][  0]LogConfig: Setting CVar [[gc.FlushStreamingOnGC:0]]
[2020.07.25-13.54.40:369][  0]LogConfig: Setting CVar [[gc.NumRetriesBeforeForcingGC:10]]
[2020.07.25-13.54.40:369][  0]LogConfig: Setting CVar [[gc.AllowParallelGC:1]]
[2020.07.25-13.54.40:369][  0]LogConfig: Setting CVar [[gc.TimeBetweenPurgingPendingKillObjects:61.1]]
[2020.07.25-13.54.40:369][  0]LogConfig: Setting CVar [[gc.MaxObjectsInEditor:25165824]]
[2020.07.25-13.54.40:369][  0]LogConfig: Setting CVar [[gc.IncrementalBeginDestroyEnabled:1]]
[2020.07.25-13.54.40:369][  0]LogConfig: Setting CVar [[gc.CreateGCClusters:1]]
[2020.07.25-13.54.40:369][  0]LogConfig: Setting CVar [[gc.MinGCClusterSize:5]]
[2020.07.25-13.54.40:369][  0]LogConfig: Setting CVar [[gc.ActorClusteringEnabled:0]]
[2020.07.25-13.54.40:369][  0]LogConfig: Setting CVar [[gc.BlueprintClusteringEnabled:0]]
[2020.07.25-13.54.40:369][  0]LogConfig: Setting CVar [[gc.UseDisregardForGCOnDedicatedServers:0]]
[2020.07.25-13.54.40:369][  0]LogConfig: Applying CVar settings from Section [/Script/Engine.NetworkSettings] File [../../../DungeonEditor/Saved/Config/WindowsNoEditor/Engine.ini]
[2020.07.25-13.54.40:371][  0]LogConfig: Applying CVar settings from Section [ViewDistanceQuality@3] File [../../../DungeonEditor/Saved/Config/WindowsNoEditor/Scalability.ini]
[2020.07.25-13.54.40:371][  0]LogConfig: Setting CVar [[r.SkeletalMeshLODBias:0]]
[2020.07.25-13.54.40:371][  0]LogConfig: Setting CVar [[r.ViewDistanceScale:1.0]]
[2020.07.25-13.54.40:371][  0]LogConfig: Applying CVar settings from Section [AntiAliasingQuality@3] File [../../../DungeonEditor/Saved/Config/WindowsNoEditor/Scalability.ini]
[2020.07.25-13.54.40:371][  0]LogConfig: Setting CVar [[r.PostProcessAAQuality:4]]
[2020.07.25-13.54.40:371][  0]LogConfig: Applying CVar settings from Section [ShadowQuality@3] File [../../../DungeonEditor/Saved/Config/WindowsNoEditor/Scalability.ini]
[2020.07.25-13.54.40:371][  0]LogConfig: Setting CVar [[r.LightFunctionQuality:1]]
[2020.07.25-13.54.40:371][  0]LogConfig: Setting CVar [[r.ShadowQuality:5]]
[2020.07.25-13.54.40:371][  0]LogConfig: Setting CVar [[r.Shadow.CSM.MaxCascades:10]]
[2020.07.25-13.54.40:371][  0]LogConfig: Setting CVar [[r.Shadow.MaxResolution:2048]]
[2020.07.25-13.54.40:371][  0]LogConfig: Setting CVar [[r.Shadow.MaxCSMResolution:2048]]
[2020.07.25-13.54.40:372][  0]LogConfig: Setting CVar [[r.Shadow.RadiusThreshold:0.01]]
[2020.07.25-13.54.40:372][  0]LogConfig: Setting CVar [[r.Shadow.DistanceScale:1.0]]
[2020.07.25-13.54.40:372][  0]LogConfig: Setting CVar [[r.Shadow.CSM.TransitionScale:1.0]]
[2020.07.25-13.54.40:372][  0]LogConfig: Setting CVar [[r.Shadow.PreShadowResolutionFactor:1.0]]
[2020.07.25-13.54.40:372][  0]LogConfig: Setting CVar [[r.DistanceFieldShadowing:1]]
[2020.07.25-13.54.40:372][  0]LogConfig: Setting CVar [[r.DistanceFieldAO:1]]
[2020.07.25-13.54.40:372][  0]LogConfig: Setting CVar [[r.AOQuality:2]]
[2020.07.25-13.54.40:372][  0]LogConfig: Setting CVar [[r.VolumetricFog:1]]
[2020.07.25-13.54.40:372][  0]LogConfig: Setting CVar [[r.VolumetricFog.GridPixelSize:8]]
[2020.07.25-13.54.40:372][  0]LogConfig: Setting CVar [[r.VolumetricFog.GridSizeZ:128]]
[2020.07.25-13.54.40:372][  0]LogConfig: Setting CVar [[r.VolumetricFog.HistoryMissSupersampleCount:4]]
[2020.07.25-13.54.40:372][  0]LogConfig: Setting CVar [[r.LightMaxDrawDistanceScale:1]]
[2020.07.25-13.54.40:372][  0]LogConfig: Setting CVar [[r.CapsuleShadows:1]]
[2020.07.25-13.54.40:372][  0]LogConfig: Applying CVar settings from Section [PostProcessQuality@3] File [../../../DungeonEditor/Saved/Config/WindowsNoEditor/Scalability.ini]
[2020.07.25-13.54.40:372][  0]LogConfig: Setting CVar [[r.MotionBlurQuality:4]]
[2020.07.25-13.54.40:372][  0]LogConfig: Setting CVar [[r.AmbientOcclusionMipLevelFactor:0.4]]
[2020.07.25-13.54.40:372][  0]LogConfig: Setting CVar [[r.AmbientOcclusionMaxQuality:100]]
[2020.07.25-13.54.40:372][  0]LogConfig: Setting CVar [[r.AmbientOcclusionLevels:-1]]
[2020.07.25-13.54.40:372][  0]LogConfig: Setting CVar [[r.AmbientOcclusionRadiusScale:1.0]]
[2020.07.25-13.54.40:372][  0]LogConfig: Setting CVar [[r.DepthOfFieldQuality:2]]
[2020.07.25-13.54.40:372][  0]LogConfig: Setting CVar [[r.RenderTargetPoolMin:400]]
[2020.07.25-13.54.40:372][  0]LogConfig: Setting CVar [[r.LensFlareQuality:2]]
[2020.07.25-13.54.40:372][  0]LogConfig: Setting CVar [[r.SceneColorFringeQuality:1]]
[2020.07.25-13.54.40:372][  0]LogConfig: Setting CVar [[r.EyeAdaptationQuality:2]]
[2020.07.25-13.54.40:372][  0]LogConfig: Setting CVar [[r.BloomQuality:5]]
[2020.07.25-13.54.40:372][  0]LogConfig: Setting CVar [[r.FastBlurThreshold:100]]
[2020.07.25-13.54.40:372][  0]LogConfig: Setting CVar [[r.Upscale.Quality:3]]
[2020.07.25-13.54.40:372][  0]LogConfig: Setting CVar [[r.Tonemapper.GrainQuantization:1]]
[2020.07.25-13.54.40:372][  0]LogConfig: Setting CVar [[r.LightShaftQuality:1]]
[2020.07.25-13.54.40:372][  0]LogConfig: Setting CVar [[r.Filter.SizeScale:1]]
[2020.07.25-13.54.40:372][  0]LogConfig: Setting CVar [[r.Tonemapper.Quality:5]]
[2020.07.25-13.54.40:372][  0]LogConfig: Setting CVar [[r.DOF.Gather.AccumulatorQuality:1        ; higher gathering accumulator quality]]
[2020.07.25-13.54.40:372][  0]LogConfig: Setting CVar [[r.DOF.Gather.PostfilterMethod:1          ; Median3x3 postfilering method]]
[2020.07.25-13.54.40:372][  0]LogConfig: Setting CVar [[r.DOF.Gather.EnableBokehSettings:0       ; no bokeh simulation when gathering]]
[2020.07.25-13.54.40:372][  0]LogConfig: Setting CVar [[r.DOF.Gather.RingCount:4                 ; medium number of samples when gathering]]
[2020.07.25-13.54.40:372][  0]LogConfig: Setting CVar [[r.DOF.Scatter.ForegroundCompositing:1    ; additive foreground scattering]]
[2020.07.25-13.54.40:372][  0]LogConfig: Setting CVar [[r.DOF.Scatter.BackgroundCompositing:2    ; additive background scattering]]
[2020.07.25-13.54.40:372][  0]LogConfig: Setting CVar [[r.DOF.Scatter.EnableBokehSettings:1      ; bokeh simulation when scattering]]
[2020.07.25-13.54.40:372][  0]LogConfig: Setting CVar [[r.DOF.Scatter.MaxSpriteRatio:0.1         ; only a maximum of 10% of scattered bokeh]]
[2020.07.25-13.54.40:372][  0]LogConfig: Setting CVar [[r.DOF.Recombine.Quality:1                ; cheap slight out of focus]]
[2020.07.25-13.54.40:372][  0]LogConfig: Setting CVar [[r.DOF.Recombine.EnableBokehSettings:0    ; no bokeh simulation on slight out of focus]]
[2020.07.25-13.54.40:372][  0]LogConfig: Setting CVar [[r.DOF.TemporalAAQuality:1                ; more stable temporal accumulation]]
[2020.07.25-13.54.40:372][  0]LogConfig: Setting CVar [[r.DOF.Kernel.MaxForegroundRadius:0.025]]
[2020.07.25-13.54.40:372][  0]LogConfig: Setting CVar [[r.DOF.Kernel.MaxBackgroundRadius:0.025]]
[2020.07.25-13.54.40:372][  0]LogConfig: Applying CVar settings from Section [TextureQuality@3] File [../../../DungeonEditor/Saved/Config/WindowsNoEditor/Scalability.ini]
[2020.07.25-13.54.40:372][  0]LogConfig: Setting CVar [[r.Streaming.MipBias:0]]
[2020.07.25-13.54.40:372][  0]LogConfig: Setting CVar [[r.Streaming.AmortizeCPUToGPUCopy:0]]
[2020.07.25-13.54.40:372][  0]LogConfig: Setting CVar [[r.Streaming.MaxNumTexturesToStreamPerFrame:0]]
[2020.07.25-13.54.40:372][  0]LogConfig: Setting CVar [[r.Streaming.Boost:1]]
[2020.07.25-13.54.40:372][  0]LogConfig: Setting CVar [[r.MaxAnisotropy:8]]
[2020.07.25-13.54.40:372][  0]LogConfig: Setting CVar [[r.VT.MaxAnisotropy:8]]
[2020.07.25-13.54.40:372][  0]LogConfig: Setting CVar [[r.Streaming.LimitPoolSizeToVRAM:0]]
[2020.07.25-13.54.40:372][  0]LogConfig: Setting CVar [[r.Streaming.PoolSize:1000]]
[2020.07.25-13.54.40:372][  0]LogConfig: Setting CVar [[r.Streaming.MaxEffectiveScreenSize:0]]
[2020.07.25-13.54.40:372][  0]LogConfig: Applying CVar settings from Section [EffectsQuality@3] File [../../../DungeonEditor/Saved/Config/WindowsNoEditor/Scalability.ini]
[2020.07.25-13.54.40:372][  0]LogConfig: Setting CVar [[r.TranslucencyLightingVolumeDim:64]]
[2020.07.25-13.54.40:372][  0]LogConfig: Setting CVar [[r.RefractionQuality:2]]
[2020.07.25-13.54.40:372][  0]LogConfig: Setting CVar [[r.SSR.Quality:3]]
[2020.07.25-13.54.40:372][  0]LogConfig: Setting CVar [[r.SSR.HalfResSceneColor:0]]
[2020.07.25-13.54.40:372][  0]LogConfig: Setting CVar [[r.SceneColorFormat:4]]
[2020.07.25-13.54.40:372][  0]LogConfig: Setting CVar [[r.DetailMode:2]]
[2020.07.25-13.54.40:372][  0]LogConfig: Setting CVar [[r.TranslucencyVolumeBlur:1]]
[2020.07.25-13.54.40:372][  0]LogConfig: Setting CVar [[r.MaterialQualityLevel:1 ; High quality]]
[2020.07.25-13.54.40:372][  0]LogConfig: Setting CVar [[r.SSS.Scale:1]]
[2020.07.25-13.54.40:372][  0]LogConfig: Setting CVar [[r.SSS.SampleSet:2]]
[2020.07.25-13.54.40:372][  0]LogConfig: Setting CVar [[r.SSS.Quality:1]]
[2020.07.25-13.54.40:372][  0]LogConfig: Setting CVar [[r.SSS.HalfRes:0]]
[2020.07.25-13.54.40:372][  0]LogConfig: Setting CVar [[r.SSGI.Quality:3]]
[2020.07.25-13.54.40:372][  0]LogConfig: Setting CVar [[r.EmitterSpawnRateScale:1.0]]
[2020.07.25-13.54.40:372][  0]LogConfig: Setting CVar [[r.ParticleLightQuality:2]]
[2020.07.25-13.54.40:372][  0]LogConfig: Setting CVar [[r.SkyAtmosphere.AerialPerspectiveLUT.FastApplyOnOpaque:1 ; Always have FastSkyLUT 1 in this case to avoid wrong sky]]
[2020.07.25-13.54.40:372][  0]LogConfig: Setting CVar [[r.SkyAtmosphere.AerialPerspectiveLUT.SampleCountPerSlice:1]]
[2020.07.25-13.54.40:372][  0]LogConfig: Setting CVar [[r.SkyAtmosphere.AerialPerspectiveLUT.DepthResolution:16.0]]
[2020.07.25-13.54.40:372][  0]LogConfig: Setting CVar [[r.SkyAtmosphere.FastSkyLUT:1]]
[2020.07.25-13.54.40:372][  0]LogConfig: Setting CVar [[r.SkyAtmosphere.FastSkyLUT.SampleCountMin:4.0]]
[2020.07.25-13.54.40:372][  0]LogConfig: Setting CVar [[r.SkyAtmosphere.FastSkyLUT.SampleCountMax:32.0]]
[2020.07.25-13.54.40:372][  0]LogConfig: Setting CVar [[r.SkyAtmosphere.SampleCountMin:4.0]]
[2020.07.25-13.54.40:372][  0]LogConfig: Setting CVar [[r.SkyAtmosphere.SampleCountMax:32.0]]
[2020.07.25-13.54.40:372][  0]LogConfig: Setting CVar [[r.SkyAtmosphere.TransmittanceLUT.UseSmallFormat:0]]
[2020.07.25-13.54.40:372][  0]LogConfig: Setting CVar [[r.SkyAtmosphere.TransmittanceLUT.SampleCount:10.0]]
[2020.07.25-13.54.40:372][  0]LogConfig: Setting CVar [[r.SkyAtmosphere.MultiScatteringLUT.SampleCount:15.0]]
[2020.07.25-13.54.40:372][  0]LogConfig: Setting CVar [[fx.Niagara.QualityLevel:3]]
[2020.07.25-13.54.40:372][  0]LogConfig: Applying CVar settings from Section [FoliageQuality@3] File [../../../DungeonEditor/Saved/Config/WindowsNoEditor/Scalability.ini]
[2020.07.25-13.54.40:372][  0]LogConfig: Setting CVar [[foliage.DensityScale:1.0]]
[2020.07.25-13.54.40:372][  0]LogConfig: Setting CVar [[grass.DensityScale:1.0]]
[2020.07.25-13.54.40:372][  0]LogConfig: Applying CVar settings from Section [ShadingQuality@3] File [../../../DungeonEditor/Saved/Config/WindowsNoEditor/Scalability.ini]
[2020.07.25-13.54.40:372][  0]LogConfig: Setting CVar [[r.HairStrands.SkyLighting.SampleCount:16]]
[2020.07.25-13.54.40:372][  0]LogConfig: Setting CVar [[r.HairStrands.SkyLighting.JitterIntegration:0]]
[2020.07.25-13.54.40:372][  0]LogConfig: Setting CVar [[r.HairStrands.SkyAO.SampleCount:16]]
[2020.07.25-13.54.40:372][  0]LogConfig: Setting CVar [[r.HairStrands.DeepShadow.SuperSampling:0]]
[2020.07.25-13.54.40:372][  0]LogConfig: Setting CVar [[r.HairStrands.VisibilityPPLL:0]]
[2020.07.25-13.54.40:372][  0]LogConfig: Setting CVar [[r.HairStrands.RasterizationScale:0.5]]
[2020.07.25-13.54.40:372][  0]LogConfig: Setting CVar [[r.HairStrands.VelocityRasterizationScale:1]]
[2020.07.25-13.54.40:372][  0]LogInit: Selected Device Profile: [WindowsNoEditor]
[2020.07.25-13.54.40:372][  0]LogInit: Applying CVar settings loaded from the selected device profile: [WindowsNoEditor]
[2020.07.25-13.54.40:372][  0]LogHAL: Display: Platform has ~ 16 GB [17114865664 / 17179869184 / 16], which maps to Larger [LargestMinGB=32, LargerMinGB=12, DefaultMinGB=8, SmallerMinGB=6, SmallestMinGB=0)
[2020.07.25-13.54.40:372][  0]LogInit: Going up to parent DeviceProfile [Windows]
[2020.07.25-13.54.40:372][  0]LogInit: Going up to parent DeviceProfile []
[2020.07.25-13.54.40:372][  0]LogConfig: Applying CVar settings from Section [ViewDistanceQuality@3] File [../../../DungeonEditor/Saved/Config/WindowsNoEditor/Scalability.ini]
[2020.07.25-13.54.40:372][  0]LogConfig: Setting CVar [[r.SkeletalMeshLODBias:0]]
[2020.07.25-13.54.40:372][  0]LogConfig: Setting CVar [[r.ViewDistanceScale:1.0]]
[2020.07.25-13.54.40:372][  0]LogConfig: Applying CVar settings from Section [AntiAliasingQuality@3] File [../../../DungeonEditor/Saved/Config/WindowsNoEditor/Scalability.ini]
[2020.07.25-13.54.40:372][  0]LogConfig: Setting CVar [[r.PostProcessAAQuality:4]]
[2020.07.25-13.54.40:372][  0]LogConfig: Applying CVar settings from Section [ShadowQuality@3] File [../../../DungeonEditor/Saved/Config/WindowsNoEditor/Scalability.ini]
[2020.07.25-13.54.40:372][  0]LogConfig: Setting CVar [[r.LightFunctionQuality:1]]
[2020.07.25-13.54.40:372][  0]LogConfig: Setting CVar [[r.ShadowQuality:5]]
[2020.07.25-13.54.40:372][  0]LogConfig: Setting CVar [[r.Shadow.CSM.MaxCascades:10]]
[2020.07.25-13.54.40:372][  0]LogConfig: Setting CVar [[r.Shadow.MaxResolution:2048]]
[2020.07.25-13.54.40:372][  0]LogConfig: Setting CVar [[r.Shadow.MaxCSMResolution:2048]]
[2020.07.25-13.54.40:372][  0]LogConfig: Setting CVar [[r.Shadow.RadiusThreshold:0.01]]
[2020.07.25-13.54.40:372][  0]LogConfig: Setting CVar [[r.Shadow.DistanceScale:1.0]]
[2020.07.25-13.54.40:372][  0]LogConfig: Setting CVar [[r.Shadow.CSM.TransitionScale:1.0]]
[2020.07.25-13.54.40:372][  0]LogConfig: Setting CVar [[r.Shadow.PreShadowResolutionFactor:1.0]]
[2020.07.25-13.54.40:372][  0]LogConfig: Setting CVar [[r.DistanceFieldShadowing:1]]
[2020.07.25-13.54.40:372][  0]LogConfig: Setting CVar [[r.DistanceFieldAO:1]]
[2020.07.25-13.54.40:372][  0]LogConfig: Setting CVar [[r.AOQuality:2]]
[2020.07.25-13.54.40:372][  0]LogConfig: Setting CVar [[r.VolumetricFog:1]]
[2020.07.25-13.54.40:372][  0]LogConfig: Setting CVar [[r.VolumetricFog.GridPixelSize:8]]
[2020.07.25-13.54.40:372][  0]LogConfig: Setting CVar [[r.VolumetricFog.GridSizeZ:128]]
[2020.07.25-13.54.40:373][  0]LogConfig: Setting CVar [[r.VolumetricFog.HistoryMissSupersampleCount:4]]
[2020.07.25-13.54.40:373][  0]LogConfig: Setting CVar [[r.LightMaxDrawDistanceScale:1]]
[2020.07.25-13.54.40:373][  0]LogConfig: Setting CVar [[r.CapsuleShadows:1]]
[2020.07.25-13.54.40:373][  0]LogConfig: Applying CVar settings from Section [PostProcessQuality@3] File [../../../DungeonEditor/Saved/Config/WindowsNoEditor/Scalability.ini]
[2020.07.25-13.54.40:373][  0]LogConfig: Setting CVar [[r.MotionBlurQuality:4]]
[2020.07.25-13.54.40:373][  0]LogConfig: Setting CVar [[r.AmbientOcclusionMipLevelFactor:0.4]]
[2020.07.25-13.54.40:373][  0]LogConfig: Setting CVar [[r.AmbientOcclusionMaxQuality:100]]
[2020.07.25-13.54.40:373][  0]LogConfig: Setting CVar [[r.AmbientOcclusionLevels:-1]]
[2020.07.25-13.54.40:373][  0]LogConfig: Setting CVar [[r.AmbientOcclusionRadiusScale:1.0]]
[2020.07.25-13.54.40:373][  0]LogConfig: Setting CVar [[r.DepthOfFieldQuality:2]]
[2020.07.25-13.54.40:373][  0]LogConfig: Setting CVar [[r.RenderTargetPoolMin:400]]
[2020.07.25-13.54.40:373][  0]LogConfig: Setting CVar [[r.LensFlareQuality:2]]
[2020.07.25-13.54.40:373][  0]LogConfig: Setting CVar [[r.SceneColorFringeQuality:1]]
[2020.07.25-13.54.40:373][  0]LogConfig: Setting CVar [[r.EyeAdaptationQuality:2]]
[2020.07.25-13.54.40:373][  0]LogConfig: Setting CVar [[r.BloomQuality:5]]
[2020.07.25-13.54.40:373][  0]LogConfig: Setting CVar [[r.FastBlurThreshold:100]]
[2020.07.25-13.54.40:373][  0]LogConfig: Setting CVar [[r.Upscale.Quality:3]]
[2020.07.25-13.54.40:373][  0]LogConfig: Setting CVar [[r.Tonemapper.GrainQuantization:1]]
[2020.07.25-13.54.40:373][  0]LogConfig: Setting CVar [[r.LightShaftQuality:1]]
[2020.07.25-13.54.40:373][  0]LogConfig: Setting CVar [[r.Filter.SizeScale:1]]
[2020.07.25-13.54.40:373][  0]LogConfig: Setting CVar [[r.Tonemapper.Quality:5]]
[2020.07.25-13.54.40:373][  0]LogConfig: Setting CVar [[r.DOF.Gather.AccumulatorQuality:1        ; higher gathering accumulator quality]]
[2020.07.25-13.54.40:373][  0]LogConfig: Setting CVar [[r.DOF.Gather.PostfilterMethod:1          ; Median3x3 postfilering method]]
[2020.07.25-13.54.40:373][  0]LogConfig: Setting CVar [[r.DOF.Gather.EnableBokehSettings:0       ; no bokeh simulation when gathering]]
[2020.07.25-13.54.40:373][  0]LogConfig: Setting CVar [[r.DOF.Gather.RingCount:4                 ; medium number of samples when gathering]]
[2020.07.25-13.54.40:373][  0]LogConfig: Setting CVar [[r.DOF.Scatter.ForegroundCompositing:1    ; additive foreground scattering]]
[2020.07.25-13.54.40:373][  0]LogConfig: Setting CVar [[r.DOF.Scatter.BackgroundCompositing:2    ; additive background scattering]]
[2020.07.25-13.54.40:373][  0]LogConfig: Setting CVar [[r.DOF.Scatter.EnableBokehSettings:1      ; bokeh simulation when scattering]]
[2020.07.25-13.54.40:373][  0]LogConfig: Setting CVar [[r.DOF.Scatter.MaxSpriteRatio:0.1         ; only a maximum of 10% of scattered bokeh]]
[2020.07.25-13.54.40:373][  0]LogConfig: Setting CVar [[r.DOF.Recombine.Quality:1                ; cheap slight out of focus]]
[2020.07.25-13.54.40:373][  0]LogConfig: Setting CVar [[r.DOF.Recombine.EnableBokehSettings:0    ; no bokeh simulation on slight out of focus]]
[2020.07.25-13.54.40:373][  0]LogConfig: Setting CVar [[r.DOF.TemporalAAQuality:1                ; more stable temporal accumulation]]
[2020.07.25-13.54.40:373][  0]LogConfig: Setting CVar [[r.DOF.Kernel.MaxForegroundRadius:0.025]]
[2020.07.25-13.54.40:373][  0]LogConfig: Setting CVar [[r.DOF.Kernel.MaxBackgroundRadius:0.025]]
[2020.07.25-13.54.40:373][  0]LogConfig: Applying CVar settings from Section [TextureQuality@3] File [../../../DungeonEditor/Saved/Config/WindowsNoEditor/Scalability.ini]
[2020.07.25-13.54.40:373][  0]LogConfig: Setting CVar [[r.Streaming.MipBias:0]]
[2020.07.25-13.54.40:373][  0]LogConfig: Setting CVar [[r.Streaming.AmortizeCPUToGPUCopy:0]]
[2020.07.25-13.54.40:373][  0]LogConfig: Setting CVar [[r.Streaming.MaxNumTexturesToStreamPerFrame:0]]
[2020.07.25-13.54.40:373][  0]LogConfig: Setting CVar [[r.Streaming.Boost:1]]
[2020.07.25-13.54.40:373][  0]LogConfig: Setting CVar [[r.MaxAnisotropy:8]]
[2020.07.25-13.54.40:373][  0]LogConfig: Setting CVar [[r.VT.MaxAnisotropy:8]]
[2020.07.25-13.54.40:373][  0]LogConfig: Setting CVar [[r.Streaming.LimitPoolSizeToVRAM:0]]
[2020.07.25-13.54.40:373][  0]LogConfig: Setting CVar [[r.Streaming.PoolSize:1000]]
[2020.07.25-13.54.40:373][  0]LogConfig: Setting CVar [[r.Streaming.MaxEffectiveScreenSize:0]]
[2020.07.25-13.54.40:373][  0]LogConfig: Applying CVar settings from Section [EffectsQuality@3] File [../../../DungeonEditor/Saved/Config/WindowsNoEditor/Scalability.ini]
[2020.07.25-13.54.40:373][  0]LogConfig: Setting CVar [[r.TranslucencyLightingVolumeDim:64]]
[2020.07.25-13.54.40:373][  0]LogConfig: Setting CVar [[r.RefractionQuality:2]]
[2020.07.25-13.54.40:373][  0]LogConfig: Setting CVar [[r.SSR.Quality:3]]
[2020.07.25-13.54.40:373][  0]LogConfig: Setting CVar [[r.SSR.HalfResSceneColor:0]]
[2020.07.25-13.54.40:373][  0]LogConfig: Setting CVar [[r.SceneColorFormat:4]]
[2020.07.25-13.54.40:373][  0]LogConfig: Setting CVar [[r.DetailMode:2]]
[2020.07.25-13.54.40:373][  0]LogConfig: Setting CVar [[r.TranslucencyVolumeBlur:1]]
[2020.07.25-13.54.40:373][  0]LogConfig: Setting CVar [[r.MaterialQualityLevel:1 ; High quality]]
[2020.07.25-13.54.40:373][  0]LogConfig: Setting CVar [[r.SSS.Scale:1]]
[2020.07.25-13.54.40:373][  0]LogConfig: Setting CVar [[r.SSS.SampleSet:2]]
[2020.07.25-13.54.40:373][  0]LogConfig: Setting CVar [[r.SSS.Quality:1]]
[2020.07.25-13.54.40:373][  0]LogConfig: Setting CVar [[r.SSS.HalfRes:0]]
[2020.07.25-13.54.40:373][  0]LogConfig: Setting CVar [[r.SSGI.Quality:3]]
[2020.07.25-13.54.40:373][  0]LogConfig: Setting CVar [[r.EmitterSpawnRateScale:1.0]]
[2020.07.25-13.54.40:373][  0]LogConfig: Setting CVar [[r.ParticleLightQuality:2]]
[2020.07.25-13.54.40:373][  0]LogConfig: Setting CVar [[r.SkyAtmosphere.AerialPerspectiveLUT.FastApplyOnOpaque:1 ; Always have FastSkyLUT 1 in this case to avoid wrong sky]]
[2020.07.25-13.54.40:373][  0]LogConfig: Setting CVar [[r.SkyAtmosphere.AerialPerspectiveLUT.SampleCountPerSlice:1]]
[2020.07.25-13.54.40:373][  0]LogConfig: Setting CVar [[r.SkyAtmosphere.AerialPerspectiveLUT.DepthResolution:16.0]]
[2020.07.25-13.54.40:373][  0]LogConfig: Setting CVar [[r.SkyAtmosphere.FastSkyLUT:1]]
[2020.07.25-13.54.40:373][  0]LogConfig: Setting CVar [[r.SkyAtmosphere.FastSkyLUT.SampleCountMin:4.0]]
[2020.07.25-13.54.40:373][  0]LogConfig: Setting CVar [[r.SkyAtmosphere.FastSkyLUT.SampleCountMax:32.0]]
[2020.07.25-13.54.40:373][  0]LogConfig: Setting CVar [[r.SkyAtmosphere.SampleCountMin:4.0]]
[2020.07.25-13.54.40:373][  0]LogConfig: Setting CVar [[r.SkyAtmosphere.SampleCountMax:32.0]]
[2020.07.25-13.54.40:373][  0]LogConfig: Setting CVar [[r.SkyAtmosphere.TransmittanceLUT.UseSmallFormat:0]]
[2020.07.25-13.54.40:373][  0]LogConfig: Setting CVar [[r.SkyAtmosphere.TransmittanceLUT.SampleCount:10.0]]
[2020.07.25-13.54.40:373][  0]LogConfig: Setting CVar [[r.SkyAtmosphere.MultiScatteringLUT.SampleCount:15.0]]
[2020.07.25-13.54.40:373][  0]LogConfig: Setting CVar [[fx.Niagara.QualityLevel:3]]
[2020.07.25-13.54.40:373][  0]LogConfig: Applying CVar settings from Section [FoliageQuality@3] File [../../../DungeonEditor/Saved/Config/WindowsNoEditor/Scalability.ini]
[2020.07.25-13.54.40:373][  0]LogConfig: Setting CVar [[foliage.DensityScale:1.0]]
[2020.07.25-13.54.40:373][  0]LogConfig: Setting CVar [[grass.DensityScale:1.0]]
[2020.07.25-13.54.40:373][  0]LogConfig: Applying CVar settings from Section [ShadingQuality@3] File [../../../DungeonEditor/Saved/Config/WindowsNoEditor/Scalability.ini]
[2020.07.25-13.54.40:373][  0]LogConfig: Setting CVar [[r.HairStrands.SkyLighting.SampleCount:16]]
[2020.07.25-13.54.40:373][  0]LogConfig: Setting CVar [[r.HairStrands.SkyLighting.JitterIntegration:0]]
[2020.07.25-13.54.40:373][  0]LogConfig: Setting CVar [[r.HairStrands.SkyAO.SampleCount:16]]
[2020.07.25-13.54.40:373][  0]LogConfig: Setting CVar [[r.HairStrands.DeepShadow.SuperSampling:0]]
[2020.07.25-13.54.40:373][  0]LogConfig: Setting CVar [[r.HairStrands.VisibilityPPLL:0]]
[2020.07.25-13.54.40:373][  0]LogConfig: Setting CVar [[r.HairStrands.RasterizationScale:0.5]]
[2020.07.25-13.54.40:373][  0]LogConfig: Setting CVar [[r.HairStrands.VelocityRasterizationScale:1]]
[2020.07.25-13.54.40:373][  0]LogConfig: Applying CVar settings from Section [Startup] File [../../../Engine/Config/ConsoleVariables.ini]
[2020.07.25-13.54.40:373][  0]LogConfig: Setting CVar [[net.UseAdaptiveNetUpdateFrequency:0]]
[2020.07.25-13.54.40:373][  0]LogConfig: Setting CVar [[p.chaos.AllowCreatePhysxBodies:1]]
[2020.07.25-13.54.40:373][  0]LogConfig: Setting CVar [[fx.SkipVectorVMBackendOptimizations:1]]
[2020.07.25-13.54.40:373][  0]LogConfig: Applying CVar settings from Section [ConsoleVariables] File [../../../DungeonEditor/Saved/Config/WindowsNoEditor/Engine.ini]
[2020.07.25-13.54.40:373][  0]LogInit: Computer: PCJOJO
[2020.07.25-13.54.40:373][  0]LogInit: User: Utilisateur
[2020.07.25-13.54.40:373][  0]LogInit: CPU Page size=4096, Cores=8
[2020.07.25-13.54.40:373][  0]LogInit: High frequency timer resolution =10.000000 MHz
[2020.07.25-13.54.40:373][  0]LogMemory: Memory total: Physical=15.9GB (16GB approx)
[2020.07.25-13.54.40:373][  0]LogMemory: Platform Memory Stats for WindowsNoEditor
[2020.07.25-13.54.40:374][  0]LogMemory: Process Physical Memory: 69.07 MB used, 69.08 MB peak
[2020.07.25-13.54.40:374][  0]LogMemory: Process Virtual Memory: 76.68 MB used, 76.68 MB peak
[2020.07.25-13.54.40:374][  0]LogMemory: Physical Memory: 7677.02 MB used,  8644.99 MB free, 16322.01 MB total
[2020.07.25-13.54.40:374][  0]LogMemory: Virtual Memory: 4952.98 MB used,  134212776.00 MB free, 134217728.00 MB total
[2020.07.25-13.54.40:376][  0]LogWindows: WindowsPlatformFeatures enabled
[2020.07.25-13.54.40:388][  0]LogInit: Physics initialised using underlying interface: PhysX
[2020.07.25-13.54.40:388][  0]LogInit: Using OS detected language (fr-FR).
[2020.07.25-13.54.40:388][  0]LogInit: Using OS detected locale (fr-FR).
[2020.07.25-13.54.40:389][  0]LogTextLocalizationResource: LocRes '../../../Engine/Content/Localization/Engine/fr-FR/Engine.locres' could not be opened for reading!
[2020.07.25-13.54.40:390][  0]LogTextLocalizationResource: LocRes '../../../Engine/Plugins/Runtime/HTTPChunkInstaller/Content/Localization/HTTPChunkInstaller/fr-FR/HTTPChunkInstaller.locres' could not be opened for reading!
[2020.07.25-13.54.40:390][  0]LogTextLocalizationResource: LocRes '../../../Engine/Plugins/Online/OnlineFramework/Content/Localization/OnlineFramework/fr-FR/OnlineFramework.locres' could not be opened for reading!
[2020.07.25-13.54.40:390][  0]LogTextLocalizationResource: LocRes '../../../Engine/Plugins/Online/OnlineSubsystem/Content/Localization/OnlineSubsystem/fr-FR/OnlineSubsystem.locres' could not be opened for reading!
[2020.07.25-13.54.40:390][  0]LogTextLocalizationResource: LocRes '../../../Engine/Plugins/Online/OnlineSubsystemUtils/Content/Localization/OnlineSubsystemUtils/fr-FR/OnlineSubsystemUtils.locres' could not be opened for reading!
[2020.07.25-13.54.40:390][  0]LogTextLocalizationResource: LocRes '../../../Engine/Content/Localization/Engine/fr/Engine.locres' could not be opened for reading!
[2020.07.25-13.54.40:406][  0]LogSlate: New Slate User Created.  User Index 0, Is Virtual User: 0
[2020.07.25-13.54.40:406][  0]LogSlate: Slate User Registered.  User Index 0, Is Virtual User: 0
[2020.07.25-13.54.40:415][  0]LogHMD: Failed to initialize OpenVR with code 110
[2020.07.25-13.54.40:415][  0]LogD3D11RHI: D3D11 min allowed feature level: 11_0
[2020.07.25-13.54.40:415][  0]LogD3D11RHI: D3D11 max allowed feature level: 11_0
[2020.07.25-13.54.40:415][  0]LogD3D11RHI: D3D11 adapters:
[2020.07.25-13.54.40:490][  0]LogD3D11RHI:    0. 'NVIDIA GeForce RTX 2080 SUPER' (Feature Level 11_0)
[2020.07.25-13.54.40:490][  0]LogD3D11RHI:       8010/0/8161 MB DedicatedVideo/DedicatedSystem/SharedSystem, Outputs:1, VendorId:0x10de
[2020.07.25-13.54.40:492][  0]LogD3D11RHI:    1. 'Microsoft Basic Render Driver' (Feature Level 11_0)
[2020.07.25-13.54.40:492][  0]LogD3D11RHI:       0/0/8161 MB DedicatedVideo/DedicatedSystem/SharedSystem, Outputs:0, VendorId:0x1414
[2020.07.25-13.54.40:492][  0]LogD3D11RHI: Chosen D3D11 Adapter: 0
[2020.07.25-13.54.40:497][  0]LogD3D11RHI: Creating new Direct3DDevice
[2020.07.25-13.54.40:497][  0]LogD3D11RHI:     GPU DeviceId: 0x1e81 (for the marketing name, search the web for "GPU Device Id")
[2020.07.25-13.54.40:497][  0]LogWindows: EnumDisplayDevices:
[2020.07.25-13.54.40:497][  0]LogWindows:    0. 'NVIDIA GeForce RTX 2080 SUPER' (P:1 D:1)
[2020.07.25-13.54.40:497][  0]LogWindows:    1. 'NVIDIA GeForce RTX 2080 SUPER' (P:0 D:0)
[2020.07.25-13.54.40:497][  0]LogWindows:    2. 'NVIDIA GeForce RTX 2080 SUPER' (P:0 D:0)
[2020.07.25-13.54.40:498][  0]LogWindows:    3. 'NVIDIA GeForce RTX 2080 SUPER' (P:0 D:0)
[2020.07.25-13.54.40:498][  0]LogWindows: DebugString: FoundDriverCount:4 
[2020.07.25-13.54.40:498][  0]LogD3D11RHI:     Adapter Name: NVIDIA GeForce RTX 2080 SUPER
[2020.07.25-13.54.40:498][  0]LogD3D11RHI:   Driver Version: 451.67 (internal:27.21.14.5167, unified:451.67)
[2020.07.25-13.54.40:498][  0]LogD3D11RHI:      Driver Date: 7-5-2020
[2020.07.25-13.54.40:498][  0]LogRHI: Texture pool is 5607 MB (70% of 8010 MB)
[2020.07.25-13.54.40:544][  0]LogD3D11RHI: RHI has support for 64 bit atomics
[2020.07.25-13.54.40:544][  0]LogD3D11RHI: Async texture creation enabled
[2020.07.25-13.54.40:544][  0]LogD3D11RHI: Array index from any shader is supported
[2020.07.25-13.54.40:559][  0]LogD3D11RHI: GPU Timing Frequency: 1000.000000 (Debug: 2 1)
[2020.07.25-13.54.40:596][  0]LogSlate: Using FreeType 2.10.0
[2020.07.25-13.54.40:596][  0]LogSlate: SlateFontServices - WITH_FREETYPE: 1, WITH_HARFBUZZ: 1
[2020.07.25-13.54.40:672][  0]LogInit: Using OS detected language (fr-FR).
[2020.07.25-13.54.40:672][  0]LogInit: Using OS detected locale (fr-FR).
[2020.07.25-13.54.40:672][  0]LogTextLocalizationResource: LocRes '../../../DungeonEditor/Content/Localization/Game/fr/Game.locres' could not be opened for reading!
[2020.07.25-13.54.40:673][  0]LogTextLocalizationManager: Compacting localization data took   0.05ms
[2020.07.25-13.54.40:678][  0]LogAssetRegistry: FAssetRegistry took 0.0049 seconds to start up
[2020.07.25-13.54.40:722][  0]LogStreaming: Display: Flushing async loaders.
[2020.07.25-13.54.40:722][  0]LogPackageLocalizationCache: Processed 23 localized package path(s) for 2 prioritized culture(s) in 0.000086 seconds
[2020.07.25-13.54.40:722][  0]LogPakFile: New pak file ../../../DungeonEditor/Content/Paks/pakchunk0-WindowsNoEditor.pak added to pak precacher.
[2020.07.25-13.54.40:725][  0]LogInit: Selected Device Profile: [WindowsNoEditor]
[2020.07.25-13.54.40:733][  0]LogNetVersion: DungeonEditor 1.0.0, NetCL: 13144385, EngineNetVer: 14, GameNetVer: 0 (Checksum: 2815238280)
[2020.07.25-13.54.40:759][  0]LogAudioCaptureCore: Display: No Audio Capture implementations found. Audio input will be silent.
[2020.07.25-13.54.40:759][  0]LogAudioCaptureCore: Display: No Audio Capture implementations found. Audio input will be silent.
[2020.07.25-13.54.40:775][  0]LogAISub: UAISubsystem::UAISubsystem AISubsystem (000001AA1F5A15C0), frame # 0
[2020.07.25-13.54.40:775][  0]LogAISub: UAISubsystem::UAISubsystem AIPerceptionSystem (000001AA1CDBC900), frame # 0
[2020.07.25-13.54.40:776][  0]LogAISub: UAISubsystem::UAISubsystem EnvQueryManager (000001AA1F581000), frame # 0
[2020.07.25-13.54.40:780][  0]LogMoviePlayer: Initializing movie player
[2020.07.25-13.54.40:817][  0]LogAndroidPermission: UAndroidPermissionCallbackProxy::GetInstance
[2020.07.25-13.54.40:817][  0]LogOcInput: OculusInput pre-init called
[2020.07.25-13.54.40:820][  0]LogUObjectArray: 14638 objects as part of root set at end of initial load.
[2020.07.25-13.54.40:820][  0]LogUObjectArray: 2 objects are not in the root set, but can never be destroyed because they are in the DisregardForGC set.
[2020.07.25-13.54.40:820][  0]LogUObjectAllocator: 2959256 out of 0 bytes used by permanent object pool.
[2020.07.25-13.54.40:820][  0]LogUObjectArray: CloseDisregardForGC: 14638/14638 objects in disregard for GC pool
[2020.07.25-13.54.40:821][  0]LogEngine: Initializing Engine...
[2020.07.25-13.54.40:822][  0]LogHMD: Failed to initialize OpenVR with code 110
[2020.07.25-13.54.40:822][  0]LogStats: UGameplayTagsManager::InitializeManager -  0.000 s
[2020.07.25-13.54.40:881][  0]LogInit: Initializing FReadOnlyCVARCache
[2020.07.25-13.54.40:881][  0]LogAudioMixer: Display: Audio Mixer Platform Settings:
[2020.07.25-13.54.40:881][  0]LogAudioMixer: Display: 	Sample Rate:						  48000
[2020.07.25-13.54.40:881][  0]LogAudioMixer: Display: 	Callback Buffer Frame Size Requested: 1024
[2020.07.25-13.54.40:881][  0]LogAudioMixer: Display: 	Callback Buffer Frame Size To Use:	  1024
[2020.07.25-13.54.40:881][  0]LogAudioMixer: Display: 	Number of buffers to queue:			  2
[2020.07.25-13.54.40:881][  0]LogAudioMixer: Display: 	Max Channels (voices):				  32
[2020.07.25-13.54.40:881][  0]LogAudioMixer: Display: 	Number of Async Source Workers:		  0
[2020.07.25-13.54.40:881][  0]LogAudio: Display: AudioDevice MaxSources: 32
[2020.07.25-13.54.40:881][  0]LogAudio: Display: Using built-in audio occlusion.
[2020.07.25-13.54.40:881][  0]LogAudioMixer: Display: Initializing audio mixer.
[2020.07.25-13.54.40:890][  0]LogAudioDebug: Display: Lib vorbis DLL was dynamically loaded.
[2020.07.25-13.54.40:893][  0]LogAudioMixer: Display: 0: FrontLeft
[2020.07.25-13.54.40:893][  0]LogAudioMixer: Display: 1: FrontRight
[2020.07.25-13.54.40:934][  0]LogAudioMixer: Display: Using Audio Device SAMSUNG (NVIDIA High Definition Audio)
[2020.07.25-13.54.40:934][  0]LogAudioMixer: Display: Initializing Sound Submixes...
[2020.07.25-13.54.40:934][  0]LogAudioMixer: Display: Creating Master Submix 'MasterSubmixDefault'
[2020.07.25-13.54.40:934][  0]LogAudioMixer: Display: Creating Master Submix 'MasterReverbSubmixDefault'
[2020.07.25-13.54.40:935][  0]LogAudioMixer: Display: Creating Master Submix 'MasterEQSubmixDefault'
[2020.07.25-13.54.40:935][  0]LogInit: FAudioDevice initialized.
[2020.07.25-13.54.40:936][  0]LogNetVersion: Set ProjectVersion to 1.0.0.0. Version Checksum will be recalculated on next use.
[2020.07.25-13.54.40:936][  0]LogInit: Texture streaming: Enabled
[2020.07.25-13.54.40:972][  0]LogStreaming: Error: Couldn't find file for package /Engine/Transient requested by async loading code. NameToLoad: /Engine/Transient
[2020.07.25-13.54.40:972][  0]LogStreaming: Error: Found 0 dependent packages...
[2020.07.25-13.54.40:976][  0]LogSlate: Updating window title bar state: overlay mode, drag disabled, window buttons hidden, title bar hidden
[2020.07.25-13.54.40:977][  0]LogInit: Display: Game Engine Initialized.
[2020.07.25-13.54.40:977][  0]LogInit: Display: Starting Game.
[2020.07.25-13.54.40:977][  0]LogNet: Browse: /Game/Levels/MainMenu?Name=Player
[2020.07.25-13.54.40:977][  0]LogLoad: LoadMap: /Game/Levels/MainMenu?Name=Player
[2020.07.25-13.54.40:977][  0]LogWorld: BeginTearingDown for /Temp/Untitled_0
[2020.07.25-13.54.40:978][  0]LogWorld: UWorld::CleanupWorld for Untitled, bSessionEnded=true, bCleanupResources=true
[2020.07.25-13.54.40:978][  0]LogSlate: InvalidateAllWidgets triggered.  All widgets were invalidated
[2020.07.25-13.54.40:983][  0]LogUObjectHash: Compacting FUObjectHashTables data took   0.56ms
[2020.07.25-13.54.41:014][  0]LogAIModule: Creating AISystem for world MainMenu
[2020.07.25-13.54.41:014][  0]LogAISub: UAISubsystem::UAISubsystem EnvQueryManager (000001AA23763000), frame # 0
[2020.07.25-13.54.41:014][  0]LogAISub: UAISubsystem::UAISubsystem AIPerceptionSystem (000001AA7501E700), frame # 0
[2020.07.25-13.54.41:014][  0]LogLoad: Game class is 'TopDownGameMode_C'
[2020.07.25-13.54.41:020][  0]LogWorld: Bringing World /Game/Levels/MainMenu.MainMenu up for play (max tick rate 0) at 2020.07.25-15.54.41
[2020.07.25-13.54.41:020][  0]LogWorld: Bringing up level for play took: 0.005375
[2020.07.25-13.54.41:021][  0]LogGameMode: FindPlayerStart: PATHS NOT DEFINED or NO PLAYERSTART with positive rating
[2020.07.25-13.54.41:027][  0]LogUMG: Display: Widget Class MainMenu_C - Loaded Fast Template.
[2020.07.25-13.54.41:027][  0]LogPlayerController: Error: InputMode:UIOnly - Attempting to focus Non-Focusable widget SObjectWidget [Widget.cpp(799)]!
[2020.07.25-13.54.41:027][  0]LogPlayerController: Error: InputMode:UIOnly - Attempting to focus Non-Focusable widget SObjectWidget [Widget.cpp(799)]!
[2020.07.25-13.54.41:027][  0]LogLoad: Took 0.050258 seconds to LoadMap(/Game/Levels/MainMenu)
[2020.07.25-13.54.41:028][  0]LogSlate: Took 0.000700 seconds to synchronously load lazily loaded font '../../../Engine/Content/EngineFonts/Faces/RobotoBold.ufont' (160K)
[2020.07.25-13.54.41:039][  0]LogLoad: (Engine Initialization) Total time: 0.85 seconds
[2020.07.25-13.54.41:041][  0]LogRenderer: Reallocating scene render targets to support 1920x1080 Format 10 NumSamples 1 (Frame:1).
[2020.07.25-13.54.41:060][  0]LogRawInputWindows: Warning: Found device 11 devices
[2020.07.25-13.54.41:060][  0]LogRawInputWindows: Warning: Found device 11 devices
[2020.07.25-13.54.41:060][  0]LogRawInputWindows: Warning: Device was registered succesfully but not connected (Usage:4 UsagePage:1)
[2020.07.25-13.54.41:061][  0]LogRawInputWindows: Warning: Found device 11 devices
[2020.07.25-13.54.41:061][  0]LogRawInputWindows: Warning: Device was registered succesfully but not connected (Usage:5 UsagePage:1)
[2020.07.25-13.54.41:062][  0]LogContentStreaming: Texture pool size now 1000 MB
[2020.07.25-13.54.41:066][  1]LogEngine: Onscreen warnings/messages are now DISABLED
[2020.07.25-13.54.41:075][  2]LogRenderer: Reallocating scene render targets to support 128x128 Format 10 NumSamples 1 (Frame:1).
[2020.07.25-13.54.41:093][  2]LogRenderer: Reallocating scene render targets to support 1920x1080 Format 10 NumSamples 1 (Frame:2).
[2020.07.25-13.54.41:101][  2]LogEngine: Onscreen warnings/messages are now DISABLED
[2020.07.25-13.54.41:105][  3]LogHTTPChunkInstaller: Enumerating manifest files
[2020.07.25-13.54.41:105][  3]LogEngine: Onscreen warnings/messages are now DISABLED
[2020.07.25-13.54.41:119][  4]LogEngine: Onscreen warnings/messages are now DISABLED
[2020.07.25-13.54.41:128][  5]LogEngine: Onscreen warnings/messages are now DISABLED
[2020.07.25-13.54.41:137][  6]LogEngine: Onscreen warnings/messages are now DISABLED
[2020.07.25-13.54.41:142][  7]LogEngine: Onscreen warnings/messages are now DISABLED
[2020.07.25-13.54.41:145][  8]LogEngine: Onscreen warnings/messages are now DISABLED
[2020.07.25-13.54.41:148][  9]LogEngine: Onscreen warnings/messages are now DISABLED
[2020.07.25-13.54.41:152][ 10]LogEngine: Onscreen warnings/messages are now DISABLED
[2020.07.25-13.54.41:156][ 11]LogEngine: Onscreen warnings/messages are now DISABLED
[2020.07.25-13.54.41:159][ 12]LogEngine: Onscreen warnings/messages are now DISABLED
[2020.07.25-13.54.41:163][ 13]LogEngine: Onscreen warnings/messages are now DISABLED
[2020.07.25-13.54.41:167][ 14]LogEngine: Onscreen warnings/messages are now DISABLED
[2020.07.25-13.54.41:170][ 15]LogEngine: Onscreen warnings/messages are now DISABLED
[2020.07.25-13.54.41:173][ 16]LogEngine: Onscreen warnings/messages are now DISABLED
[2020.07.25-13.54.41:177][ 17]LogEngine: Onscreen warnings/messages are now DISABLED
[2020.07.25-13.54.41:180][ 18]LogEngine: Onscreen warnings/messages are now DISABLED
[2020.07.25-13.54.41:184][ 19]LogEngine: Onscreen warnings/messages are now DISABLED
[2020.07.25-13.54.41:187][ 20]LogEngine: Onscreen warnings/messages are now DISABLED
[2020.07.25-13.54.41:191][ 21]LogEngine: Onscreen warnings/messages are now DISABLED
[2020.07.25-13.54.41:194][ 22]LogEngine: Onscreen warnings/messages are now DISABLED
[2020.07.25-13.54.41:198][ 23]LogEngine: Onscreen warnings/messages are now DISABLED
[2020.07.25-13.54.41:201][ 24]LogEngine: Onscreen warnings/messages are now DISABLED
[2020.07.25-13.54.41:205][ 25]LogEngine: Onscreen warnings/messages are now DISABLED
[2020.07.25-13.54.41:208][ 26]LogEngine: Onscreen warnings/messages are now DISABLED
[2020.07.25-13.54.41:212][ 27]LogEngine: Onscreen warnings/messages are now DISABLED
[2020.07.25-13.54.41:216][ 28]LogEngine: Onscreen warnings/messages are now DISABLED
[2020.07.25-13.54.41:219][ 29]LogEngine: Onscreen warnings/messages are now DISABLED
[2020.07.25-13.54.41:223][ 30]LogEngine: Onscreen warnings/messages are now DISABLED
[2020.07.25-13.54.41:226][ 31]LogEngine: Onscreen warnings/messages are now DISABLED
[2020.07.25-13.54.41:230][ 32]LogEngine: Onscreen warnings/messages are now DISABLED
[2020.07.25-13.54.41:233][ 33]LogEngine: Onscreen warnings/messages are now DISABLED
[2020.07.25-13.54.41:236][ 34]LogEngine: Onscreen warnings/messages are now DISABLED
[2020.07.25-13.54.41:240][ 35]LogEngine: Onscreen warnings/messages are now DISABLED
[2020.07.25-13.54.41:243][ 36]LogEngine: Onscreen warnings/messages are now DISABLED
[2020.07.25-13.54.41:247][ 37]LogEngine: Onscreen warnings/messages are now DISABLED
[2020.07.25-13.54.41:250][ 38]LogEngine: Onscreen warnings/messages are now DISABLED
[2020.07.25-13.54.41:253][ 39]LogEngine: Onscreen warnings/messages are now DISABLED
[2020.07.25-13.54.41:257][ 40]LogEngine: Onscreen warnings/messages are now DISABLED
[2020.07.25-13.54.41:260][ 41]LogEngine: Onscreen warnings/messages are now DISABLED
[2020.07.25-13.54.41:263][ 42]LogEngine: Onscreen warnings/messages are now DISABLED
[2020.07.25-13.54.41:266][ 43]LogEngine: Onscreen warnings/messages are now DISABLED
[2020.07.25-13.54.41:269][ 44]LogEngine: Onscreen warnings/messages are now DISABLED
[2020.07.25-13.54.41:273][ 45]LogEngine: Onscreen warnings/messages are now DISABLED
[2020.07.25-13.54.41:276][ 46]LogEngine: Onscreen warnings/messages are now DISABLED
[2020.07.25-13.54.41:280][ 47]LogEngine: Onscreen warnings/messages are now DISABLED
[2020.07.25-13.54.41:284][ 48]LogEngine: Onscreen warnings/messages are now DISABLED
[2020.07.25-13.54.41:288][ 49]LogEngine: Onscreen warnings/messages are now DISABLED
[2020.07.25-13.54.41:292][ 50]LogEngine: Onscreen warnings/messages are now DISABLED
[2020.07.25-13.54.41:295][ 51]LogEngine: Onscreen warnings/messages are now DISABLED
[2020.07.25-13.54.41:298][ 52]LogEngine: Onscreen warnings/messages are now DISABLED
[2020.07.25-13.54.41:302][ 53]LogEngine: Onscreen warnings/messages are now DISABLED
[2020.07.25-13.54.41:306][ 54]LogEngine: Onscreen warnings/messages are now DISABLED
[2020.07.25-13.54.41:308][ 55]LogEngine: Onscreen warnings/messages are now DISABLED
[2020.07.25-13.54.41:312][ 56]LogEngine: Onscreen warnings/messages are now DISABLED
[2020.07.25-13.54.41:315][ 57]LogEngine: Onscreen warnings/messages are now DISABLED
[2020.07.25-13.54.41:318][ 58]LogEngine: Onscreen warnings/messages are now DISABLED
[2020.07.25-13.54.41:322][ 59]LogEngine: Onscreen warnings/messages are now DISABLED
[2020.07.25-13.54.41:325][ 60]LogEngine: Onscreen warnings/messages are now DISABLED
[2020.07.25-13.54.41:329][ 61]LogEngine: Onscreen warnings/messages are now DISABLED
[2020.07.25-13.54.41:332][ 62]LogEngine: Onscreen warnings/messages are now DISABLED
[2020.07.25-13.54.41:335][ 63]LogEngine: Onscreen warnings/messages are now DISABLED
[2020.07.25-13.54.41:338][ 64]LogEngine: Onscreen warnings/messages are now DISABLED
[2020.07.25-13.54.41:341][ 65]LogEngine: Onscreen warnings/messages are now DISABLED
[2020.07.25-13.54.41:345][ 66]LogEngine: Onscreen warnings/messages are now DISABLED
[2020.07.25-13.54.41:348][ 67]LogEngine: Onscreen warnings/messages are now DISABLED
[2020.07.25-13.54.41:351][ 68]LogEngine: Onscreen warnings/messages are now DISABLED
[2020.07.25-13.54.41:354][ 69]LogEngine: Onscreen warnings/messages are now DISABLED
[2020.07.25-13.54.41:357][ 70]LogEngine: Onscreen warnings/messages are now DISABLED
[2020.07.25-13.54.41:360][ 71]LogEngine: Onscreen warnings/messages are now DISABLED
[2020.07.25-13.54.41:363][ 72]LogEngine: Onscreen warnings/messages are now DISABLED
[2020.07.25-13.54.41:366][ 73]LogEngine: Onscreen warnings/messages are now DISABLED
[2020.07.25-13.54.41:370][ 74]LogEngine: Onscreen warnings/messages are now DISABLED
[2020.07.25-13.54.41:373][ 75]LogEngine: Onscreen warnings/messages are now DISABLED
[2020.07.25-13.54.41:376][ 76]LogEngine: Onscreen warnings/messages are now DISABLED
[2020.07.25-13.54.41:379][ 77]LogEngine: Onscreen warnings/messages are now DISABLED
[2020.07.25-13.54.41:382][ 78]LogEngine: Onscreen warnings/messages are now DISABLED
[2020.07.25-13.54.41:385][ 79]LogEngine: Onscreen warnings/messages are now DISABLED
[2020.07.25-13.54.41:389][ 80]LogEngine: Onscreen warnings/messages are now DISABLED
[2020.07.25-13.54.41:392][ 81]LogEngine: Onscreen warnings/messages are now DISABLED
[2020.07.25-13.54.41:395][ 82]LogEngine: Onscreen warnings/messages are now DISABLED
[2020.07.25-13.54.41:398][ 83]LogEngine: Onscreen warnings/messages are now DISABLED
[2020.07.25-13.54.41:401][ 84]LogEngine: Onscreen warnings/messages are now DISABLED
[2020.07.25-13.54.41:404][ 85]LogEngine: Onscreen warnings/messages are now DISABLED
[2020.07.25-13.54.41:408][ 86]LogEngine: Onscreen warnings/messages are now DISABLED
[2020.07.25-13.54.41:411][ 87]LogEngine: Onscreen warnings/messages are now DISABLED
[2020.07.25-13.54.41:414][ 88]LogEngine: Onscreen warnings/messages are now DISABLED
[2020.07.25-13.54.41:417][ 89]LogEngine: Onscreen warnings/messages are now DISABLED
[2020.07.25-13.54.41:420][ 90]LogEngine: Onscreen warnings/messages are now DISABLED
[2020.07.25-13.54.41:423][ 91]LogEngine: Onscreen warnings/messages are now DISABLED
[2020.07.25-13.54.41:426][ 92]LogEngine: Onscreen warnings/messages are now DISABLED
[2020.07.25-13.54.41:429][ 93]LogEngine: Onscreen warnings/messages are now DISABLED
[2020.07.25-13.54.41:433][ 94]LogEngine: Onscreen warnings/messages are now DISABLED
[2020.07.25-13.54.41:436][ 95]LogEngine: Onscreen warnings/messages are now DISABLED
[2020.07.25-13.54.41:439][ 96]LogEngine: Onscreen warnings/messages are now DISABLED
[2020.07.25-13.54.41:442][ 97]LogEngine: Onscreen warnings/messages are now DISABLED
[2020.07.25-13.54.41:445][ 98]LogEngine: Onscreen warnings/messages are now DISABLED
[2020.07.25-13.54.41:448][ 99]LogEngine: Onscreen warnings/messages are now DISABLED
[2020.07.25-13.54.41:452][100]LogEngine: Onscreen warnings/messages are now DISABLED
[2020.07.25-13.54.41:455][101]LogEngine: Onscreen warnings/messages are now DISABLED
[2020.07.25-13.54.41:458][102]LogEngine: Onscreen warnings/messages are now DISABLED
[2020.07.25-13.54.41:461][103]LogEngine: Onscreen warnings/messages are now DISABLED
[2020.07.25-13.54.41:464][104]LogEngine: Onscreen warnings/messages are now DISABLED
[2020.07.25-13.54.41:467][105]LogEngine: Onscreen warnings/messages are now DISABLED
[2020.07.25-13.54.41:471][106]LogEngine: Onscreen warnings/messages are now DISABLED
[2020.07.25-13.54.41:474][107]LogEngine: Onscreen warnings/messages are now DISABLED
[2020.07.25-13.54.41:478][108]LogEngine: Onscreen warnings/messages are now DISABLED
[2020.07.25-13.54.41:481][109]LogEngine: Onscreen warnings/messages are now DISABLED
[2020.07.25-13.54.41:484][110]LogEngine: Onscreen warnings/messages are now DISABLED
[2020.07.25-13.54.41:487][111]LogEngine: Onscreen warnings/messages are now DISABLED
[2020.07.25-13.54.41:491][112]LogEngine: Onscreen warnings/messages are now DISABLED
[2020.07.25-13.54.41:494][113]LogEngine: Onscreen warnings/messages are now DISABLED
[2020.07.25-13.54.41:498][114]LogEngine: Onscreen warnings/messages are now DISABLED
[2020.07.25-13.54.41:501][115]LogEngine: Onscreen warnings/messages are now DISABLED
[2020.07.25-13.54.41:505][116]LogEngine: Onscreen warnings/messages are now DISABLED
[2020.07.25-13.54.41:508][117]LogEngine: Onscreen warnings/messages are now DISABLED
[2020.07.25-13.54.41:512][118]LogEngine: Onscreen warnings/messages are now DISABLED
[2020.07.25-13.54.41:515][119]LogEngine: Onscreen warnings/messages are now DISABLED
[2020.07.25-13.54.41:519][120]LogEngine: Onscreen warnings/messages are now DISABLED
[2020.07.25-13.54.41:522][121]LogEngine: Onscreen warnings/messages are now DISABLED
[2020.07.25-13.54.41:526][122]LogEngine: Onscreen warnings/messages are now DISABLED
[2020.07.25-13.54.41:529][123]LogEngine: Onscreen warnings/messages are now DISABLED
[2020.07.25-13.54.41:533][124]LogEngine: Onscreen warnings/messages are now DISABLED
[2020.07.25-13.54.41:536][125]LogEngine: Onscreen warnings/messages are now DISABLED
[2020.07.25-13.54.41:540][126]LogEngine: Onscreen warnings/messages are now DISABLED
[2020.07.25-13.54.41:543][127]LogEngine: Onscreen warnings/messages are now DISABLED
[2020.07.25-13.54.41:546][128]LogEngine: Onscreen warnings/messages are now DISABLED
[2020.07.25-13.54.41:549][129]LogEngine: Onscreen warnings/messages are now DISABLED
[2020.07.25-13.54.41:553][130]LogEngine: Onscreen warnings/messages are now DISABLED
[2020.07.25-13.54.41:556][131]LogEngine: Onscreen warnings/messages are now DISABLED
[2020.07.25-13.54.41:560][132]LogEngine: Onscreen warnings/messages are now DISABLED
[2020.07.25-13.54.41:563][133]LogEngine: Onscreen warnings/messages are now DISABLED
[2020.07.25-13.54.41:567][134]LogEngine: Onscreen warnings/messages are now DISABLED
[2020.07.25-13.54.41:570][135]LogEngine: Onscreen warnings/messages are now DISABLED
[2020.07.25-13.54.41:574][136]LogEngine: Onscreen warnings/messages are now DISABLED
[2020.07.25-13.54.41:577][137]LogEngine: Onscreen warnings/messages are now DISABLED
[2020.07.25-13.54.41:581][138]LogEngine: Onscreen warnings/messages are now DISABLED
[2020.07.25-13.54.41:584][139]LogEngine: Onscreen warnings/messages are now DISABLED
[2020.07.25-13.54.41:588][140]LogEngine: Onscreen warnings/messages are now DISABLED
[2020.07.25-13.54.41:591][141]LogEngine: Onscreen warnings/messages are now DISABLED
[2020.07.25-13.54.41:595][142]LogEngine: Onscreen warnings/messages are now DISABLED
[2020.07.25-13.54.41:598][143]LogEngine: Onscreen warnings/messages are now DISABLED
[2020.07.25-13.54.41:602][144]LogEngine: Onscreen warnings/messages are now DISABLED
[2020.07.25-13.54.41:605][145]LogEngine: Onscreen warnings/messages are now DISABLED
[2020.07.25-13.54.41:608][146]LogEngine: Onscreen warnings/messages are now DISABLED
[2020.07.25-13.54.41:611][147]LogEngine: Onscreen warnings/messages are now DISABLED
[2020.07.25-13.54.41:615][148]LogEngine: Onscreen warnings/messages are now DISABLED
[2020.07.25-13.54.41:618][149]LogEngine: Onscreen warnings/messages are now DISABLED
[2020.07.25-13.54.41:622][150]LogEngine: Onscreen warnings/messages are now DISABLED
[2020.07.25-13.54.41:625][151]LogEngine: Onscreen warnings/messages are now DISABLED
[2020.07.25-13.54.41:629][152]LogEngine: Onscreen warnings/messages are now DISABLED
[2020.07.25-13.54.41:632][153]LogEngine: Onscreen warnings/messages are now DISABLED
[2020.07.25-13.54.41:636][154]LogEngine: Onscreen warnings/messages are now DISABLED
[2020.07.25-13.54.41:639][155]LogEngine: Onscreen warnings/messages are now DISABLED
[2020.07.25-13.54.41:643][156]LogEngine: Onscreen warnings/messages are now DISABLED
[2020.07.25-13.54.41:646][157]LogEngine: Onscreen warnings/messages are now DISABLED
[2020.07.25-13.54.41:649][158]LogEngine: Onscreen warnings/messages are now DISABLED
[2020.07.25-13.54.41:653][159]LogEngine: Onscreen warnings/messages are now DISABLED
[2020.07.25-13.54.41:656][160]LogEngine: Onscreen warnings/messages are now DISABLED
[2020.07.25-13.54.41:660][161]LogEngine: Onscreen warnings/messages are now DISABLED
[2020.07.25-13.54.41:663][162]LogEngine: Onscreen warnings/messages are now DISABLED
[2020.07.25-13.54.41:667][163]LogEngine: Onscreen warnings/messages are now DISABLED
[2020.07.25-13.54.41:670][164]LogEngine: Onscreen warnings/messages are now DISABLED
[2020.07.25-13.54.41:673][165]LogEngine: Onscreen warnings/messages are now DISABLED
[2020.07.25-13.54.41:677][166]LogEngine: Onscreen warnings/messages are now DISABLED
[2020.07.25-13.54.41:681][167]LogEngine: Onscreen warnings/messages are now DISABLED
[2020.07.25-13.54.41:685][168]LogEngine: Onscreen warnings/messages are now DISABLED
[2020.07.25-13.54.41:688][169]LogEngine: Onscreen warnings/messages are now DISABLED
[2020.07.25-13.54.41:692][170]LogEngine: Onscreen warnings/messages are now DISABLED
[2020.07.25-13.54.41:696][171]LogEngine: Onscreen warnings/messages are now DISABLED
[2020.07.25-13.54.41:699][172]LogEngine: Onscreen warnings/messages are now DISABLED
[2020.07.25-13.54.41:703][173]LogEngine: Onscreen warnings/messages are now DISABLED
[2020.07.25-13.54.41:707][174]LogEngine: Onscreen warnings/messages are now DISABLED
[2020.07.25-13.54.41:711][175]LogEngine: Onscreen warnings/messages are now DISABLED
[2020.07.25-13.54.41:714][176]LogEngine: Onscreen warnings/messages are now DISABLED
[2020.07.25-13.54.41:718][177]LogEngine: Onscreen warnings/messages are now DISABLED
[2020.07.25-13.54.41:722][178]LogEngine: Onscreen warnings/messages are now DISABLED
[2020.07.25-13.54.41:726][179]LogEngine: Onscreen warnings/messages are now DISABLED
[2020.07.25-13.54.41:729][180]LogEngine: Onscreen warnings/messages are now DISABLED
[2020.07.25-13.54.41:733][181]LogEngine: Onscreen warnings/messages are now DISABLED
[2020.07.25-13.54.41:737][182]LogEngine: Onscreen warnings/messages are now DISABLED
[2020.07.25-13.54.41:741][183]LogEngine: Onscreen warnings/messages are now DISABLED
[2020.07.25-13.54.41:745][184]LogEngine: Onscreen warnings/messages are now DISABLED
[2020.07.25-13.54.41:748][185]LogEngine: Onscreen warnings/messages are now DISABLED
[2020.07.25-13.54.41:752][186]LogEngine: Onscreen warnings/messages are now DISABLED
[2020.07.25-13.54.41:756][187]LogEngine: Onscreen warnings/messages are now DISABLED
[2020.07.25-13.54.41:760][188]LogEngine: Onscreen warnings/messages are now DISABLED
[2020.07.25-13.54.41:764][189]LogEngine: Onscreen warnings/messages are now DISABLED
[2020.07.25-13.54.41:767][190]LogEngine: Onscreen warnings/messages are now DISABLED
[2020.07.25-13.54.41:771][191]LogEngine: Onscreen warnings/messages are now DISABLED
[2020.07.25-13.54.41:775][192]LogEngine: Onscreen warnings/messages are now DISABLED
[2020.07.25-13.54.41:779][193]LogEngine: Onscreen warnings/messages are now DISABLED
[2020.07.25-13.54.41:782][194]LogEngine: Onscreen warnings/messages are now DISABLED
[2020.07.25-13.54.41:786][195]LogEngine: Onscreen warnings/messages are now DISABLED
[2020.07.25-13.54.41:790][196]LogEngine: Onscreen warnings/messages are now DISABLED
[2020.07.25-13.54.41:793][197]LogEngine: Onscreen warnings/messages are now DISABLED
[2020.07.25-13.54.41:797][198]LogEngine: Onscreen warnings/messages are now DISABLED
[2020.07.25-13.54.41:801][199]LogEngine: Onscreen warnings/messages are now DISABLED
[2020.07.25-13.54.41:804][200]LogEngine: Onscreen warnings/messages are now DISABLED
[2020.07.25-13.54.41:808][201]LogEngine: Onscreen warnings/messages are now DISABLED
[2020.07.25-13.54.41:812][202]LogEngine: Onscreen warnings/messages are now DISABLED
[2020.07.25-13.54.41:816][203]LogEngine: Onscreen warnings/messages are now DISABLED
[2020.07.25-13.54.41:820][204]LogEngine: Onscreen warnings/messages are now DISABLED
[2020.07.25-13.54.41:823][205]LogEngine: Onscreen warnings/messages are now DISABLED
[2020.07.25-13.54.41:827][206]LogEngine: Onscreen warnings/messages are now DISABLED
[2020.07.25-13.54.41:831][207]LogEngine: Onscreen warnings/messages are now DISABLED
[2020.07.25-13.54.41:835][208]LogEngine: Onscreen warnings/messages are now DISABLED
[2020.07.25-13.54.41:838][209]LogEngine: Onscreen warnings/messages are now DISABLED
[2020.07.25-13.54.41:842][210]LogEngine: Onscreen warnings/messages are now DISABLED
[2020.07.25-13.54.41:846][211]LogEngine: Onscreen warnings/messages are now DISABLED
[2020.07.25-13.54.41:850][212]LogEngine: Onscreen warnings/messages are now DISABLED
[2020.07.25-13.54.41:853][213]LogEngine: Onscreen warnings/messages are now DISABLED
[2020.07.25-13.54.41:857][214]LogEngine: Onscreen warnings/messages are now DISABLED
[2020.07.25-13.54.41:860][215]LogEngine: Onscreen warnings/messages are now DISABLED
[2020.07.25-13.54.41:864][216]LogEngine: Onscreen warnings/messages are now DISABLED
[2020.07.25-13.54.41:868][217]LogEngine: Onscreen warnings/messages are now DISABLED
[2020.07.25-13.54.41:872][218]LogEngine: Onscreen warnings/messages are now DISABLED
[2020.07.25-13.54.41:876][219]LogEngine: Onscreen warnings/messages are now DISABLED
[2020.07.25-13.54.41:880][220]LogEngine: Onscreen warnings/messages are now DISABLED
[2020.07.25-13.54.41:884][221]LogEngine: Onscreen warnings/messages are now DISABLED
[2020.07.25-13.54.41:888][222]LogEngine: Onscreen warnings/messages are now DISABLED
[2020.07.25-13.54.41:892][223]LogEngine: Onscreen warnings/messages are now DISABLED
[2020.07.25-13.54.41:896][224]LogEngine: Onscreen warnings/messages are now DISABLED
[2020.07.25-13.54.41:900][225]LogEngine: Onscreen warnings/messages are now DISABLED
[2020.07.25-13.54.41:904][226]LogEngine: Onscreen warnings/messages are now DISABLED
[2020.07.25-13.54.41:908][227]LogEngine: Onscreen warnings/messages are now DISABLED
[2020.07.25-13.54.41:912][228]LogEngine: Onscreen warnings/messages are now DISABLED
[2020.07.25-13.54.41:916][229]LogEngine: Onscreen warnings/messages are now DISABLED
[2020.07.25-13.54.41:920][230]LogEngine: Onscreen warnings/messages are now DISABLED
[2020.07.25-13.54.41:924][231]LogEngine: Onscreen warnings/messages are now DISABLED
[2020.07.25-13.54.41:928][232]LogEngine: Onscreen warnings/messages are now DISABLED
[2020.07.25-13.54.41:932][233]LogEngine: Onscreen warnings/messages are now DISABLED
[2020.07.25-13.54.41:936][234]LogEngine: Onscreen warnings/messages are now DISABLED
[2020.07.25-13.54.41:941][235]LogEngine: Onscreen warnings/messages are now DISABLED
[2020.07.25-13.54.41:944][236]LogEngine: Onscreen warnings/messages are now DISABLED
[2020.07.25-13.54.41:948][237]LogEngine: Onscreen warnings/messages are now DISABLED
[2020.07.25-13.54.41:953][238]LogEngine: Onscreen warnings/messages are now DISABLED
[2020.07.25-13.54.41:957][239]LogEngine: Onscreen warnings/messages are now DISABLED
[2020.07.25-13.54.41:961][240]LogEngine: Onscreen warnings/messages are now DISABLED
[2020.07.25-13.54.41:965][241]LogEngine: Onscreen warnings/messages are now DISABLED
[2020.07.25-13.54.41:969][242]LogEngine: Onscreen warnings/messages are now DISABLED
[2020.07.25-13.54.41:973][243]LogEngine: Onscreen warnings/messages are now DISABLED
[2020.07.25-13.54.41:977][244]LogEngine: Onscreen warnings/messages are now DISABLED
[2020.07.25-13.54.41:981][245]LogEngine: Onscreen warnings/messages are now DISABLED
[2020.07.25-13.54.41:985][246]LogEngine: Onscreen warnings/messages are now DISABLED
[2020.07.25-13.54.41:989][247]LogEngine: Onscreen warnings/messages are now DISABLED
[2020.07.25-13.54.41:993][248]LogEngine: Onscreen warnings/messages are now DISABLED
[2020.07.25-13.54.41:997][249]LogEngine: Onscreen warnings/messages are now DISABLED
[2020.07.25-13.54.42:001][250]LogEngine: Onscreen warnings/messages are now DISABLED
[2020.07.25-13.54.42:005][251]LogEngine: Onscreen warnings/messages are now DISABLED
[2020.07.25-13.54.42:009][252]LogEngine: Onscreen warnings/messages are now DISABLED
[2020.07.25-13.54.42:013][253]LogEngine: Onscreen warnings/messages are now DISABLED
[2020.07.25-13.54.42:017][254]LogEngine: Onscreen warnings/messages are now DISABLED
[2020.07.25-13.54.42:021][255]LogEngine: Onscreen warnings/messages are now DISABLED
[2020.07.25-13.54.42:025][256]LogEngine: Onscreen warnings/messages are now DISABLED
[2020.07.25-13.54.42:029][257]LogEngine: Onscreen warnings/messages are now DISABLED
[2020.07.25-13.54.42:033][258]LogEngine: Onscreen warnings/messages are now DISABLED
[2020.07.25-13.54.42:036][259]LogEngine: Onscreen warnings/messages are now DISABLED
[2020.07.25-13.54.42:040][260]LogEngine: Onscreen warnings/messages are now DISABLED
[2020.07.25-13.54.42:044][261]LogEngine: Onscreen warnings/messages are now DISABLED
[2020.07.25-13.54.42:048][262]LogEngine: Onscreen warnings/messages are now DISABLED
[2020.07.25-13.54.42:052][263]LogEngine: Onscreen warnings/messages are now DISABLED
[2020.07.25-13.54.42:056][264]LogEngine: Onscreen warnings/messages are now DISABLED
[2020.07.25-13.54.42:060][265]LogEngine: Onscreen warnings/messages are now DISABLED
[2020.07.25-13.54.42:064][266]LogEngine: Onscreen warnings/messages are now DISABLED
[2020.07.25-13.54.42:068][267]LogEngine: Onscreen warnings/messages are now DISABLED
[2020.07.25-13.54.42:072][268]LogEngine: Onscreen warnings/messages are now DISABLED
[2020.07.25-13.54.42:076][269]LogEngine: Onscreen warnings/messages are now DISABLED
[2020.07.25-13.54.42:080][270]LogEngine: Onscreen warnings/messages are now DISABLED
[2020.07.25-13.54.42:085][271]LogEngine: Onscreen warnings/messages are now DISABLED
[2020.07.25-13.54.42:089][272]LogEngine: Onscreen warnings/messages are now DISABLED
[2020.07.25-13.54.42:093][273]LogEngine: Onscreen warnings/messages are now DISABLED
[2020.07.25-13.54.42:097][274]LogEngine: Onscreen warnings/messages are now DISABLED
[2020.07.25-13.54.42:101][275]LogEngine: Onscreen warnings/messages are now DISABLED
[2020.07.25-13.54.42:106][276]LogEngine: Onscreen warnings/messages are now DISABLED
[2020.07.25-13.54.42:109][277]LogEngine: Onscreen warnings/messages are now DISABLED
[2020.07.25-13.54.42:113][278]LogEngine: Onscreen warnings/messages are now DISABLED
[2020.07.25-13.54.42:117][279]LogEngine: Onscreen warnings/messages are now DISABLED
[2020.07.25-13.54.42:121][280]LogEngine: Onscreen warnings/messages are now DISABLED
[2020.07.25-13.54.42:125][281]LogEngine: Onscreen warnings/messages are now DISABLED
[2020.07.25-13.54.42:130][282]LogEngine: Onscreen warnings/messages are now DISABLED
[2020.07.25-13.54.42:134][283]LogEngine: Onscreen warnings/messages are now DISABLED
[2020.07.25-13.54.42:138][284]LogEngine: Onscreen warnings/messages are now DISABLED
[2020.07.25-13.54.42:142][285]LogEngine: Onscreen warnings/messages are now DISABLED
[2020.07.25-13.54.42:146][286]LogEngine: Onscreen warnings/messages are now DISABLED
[2020.07.25-13.54.42:150][287]LogEngine: Onscreen warnings/messages are now DISABLED
[2020.07.25-13.54.42:154][288]LogEngine: Onscreen warnings/messages are now DISABLED
[2020.07.25-13.54.42:158][289]LogEngine: Onscreen warnings/messages are now DISABLED
[2020.07.25-13.54.42:162][290]LogEngine: Onscreen warnings/messages are now DISABLED
[2020.07.25-13.54.42:166][291]LogEngine: Onscreen warnings/messages are now DISABLED
[2020.07.25-13.54.42:170][292]LogEngine: Onscreen warnings/messages are now DISABLED
[2020.07.25-13.54.42:174][293]LogEngine: Onscreen warnings/messages are now DISABLED
[2020.07.25-13.54.42:178][294]LogEngine: Onscreen warnings/messages are now DISABLED
[2020.07.25-13.54.42:182][295]LogEngine: Onscreen warnings/messages are now DISABLED
[2020.07.25-13.54.42:187][296]LogEngine: Onscreen warnings/messages are now DISABLED
[2020.07.25-13.54.42:191][297]LogEngine: Onscreen warnings/messages are now DISABLED
[2020.07.25-13.54.42:195][298]LogEngine: Onscreen warnings/messages are now DISABLED
[2020.07.25-13.54.42:199][299]LogEngine: Onscreen warnings/messages are now DISABLED
[2020.07.25-13.54.42:203][300]LogEngine: Onscreen warnings/messages are now DISABLED
[2020.07.25-13.54.42:207][301]LogEngine: Onscreen warnings/messages are now DISABLED
[2020.07.25-13.54.42:211][302]LogEngine: Onscreen warnings/messages are now DISABLED
[2020.07.25-13.54.42:215][303]LogEngine: Onscreen warnings/messages are now DISABLED
[2020.07.25-13.54.42:220][304]LogEngine: Onscreen warnings/messages are now DISABLED
[2020.07.25-13.54.42:224][305]LogEngine: Onscreen warnings/messages are now DISABLED
[2020.07.25-13.54.42:228][306]LogEngine: Onscreen warnings/messages are now DISABLED
[2020.07.25-13.54.42:231][307]LogEngine: Onscreen warnings/messages are now DISABLED
[2020.07.25-13.54.42:236][308]LogEngine: Onscreen warnings/messages are now DISABLED
[2020.07.25-13.54.42:240][309]LogEngine: Onscreen warnings/messages are now DISABLED
[2020.07.25-13.54.42:244][310]LogEngine: Onscreen warnings/messages are now DISABLED
[2020.07.25-13.54.42:248][311]LogEngine: Onscreen warnings/messages are now DISABLED
[2020.07.25-13.54.42:252][312]LogEngine: Onscreen warnings/messages are now DISABLED
[2020.07.25-13.54.42:256][313]LogEngine: Onscreen warnings/messages are now DISABLED
[2020.07.25-13.54.42:260][314]LogEngine: Onscreen warnings/messages are now DISABLED
[2020.07.25-13.54.42:264][315]LogEngine: Onscreen warnings/messages are now DISABLED
[2020.07.25-13.54.42:269][316]LogNet: Browse: /Game/Levels/CreateWorld?Name=Player
[2020.07.25-13.54.42:269][316]LogLoad: LoadMap: /Game/Levels/CreateWorld?Name=Player
[2020.07.25-13.54.42:269][316]LogWorld: BeginTearingDown for /Game/Levels/MainMenu
[2020.07.25-13.54.42:269][316]LogWorld: UWorld::CleanupWorld for MainMenu, bSessionEnded=true, bCleanupResources=true
[2020.07.25-13.54.42:270][316]LogSlate: InvalidateAllWidgets triggered.  All widgets were invalidated
[2020.07.25-13.54.42:305][316]LogAISub: UAISubsystem::~UAISubsystem EnvQueryManager (000001AA23763000), frame # 316
[2020.07.25-13.54.42:305][316]LogAISub: UAISubsystem::~UAISubsystem AIPerceptionSystem (000001AA7501E700), frame # 316
[2020.07.25-13.54.42:306][316]LogUObjectHash: Compacting FUObjectHashTables data took   0.78ms
[2020.07.25-13.54.42:308][316]LogStreaming: Display: Flushing async loaders.
[2020.07.25-13.54.42:312][316]LogAIModule: Creating AISystem for world CreateWorld
[2020.07.25-13.54.42:313][316]LogAISub: UAISubsystem::UAISubsystem EnvQueryManager (000001AA3B0A2600), frame # 316
[2020.07.25-13.54.42:313][316]LogAISub: UAISubsystem::UAISubsystem AIPerceptionSystem (000001AA7F5B4340), frame # 316
[2020.07.25-13.54.42:313][316]LogLoad: Game class is 'DEGameMode_C'
[2020.07.25-13.54.42:313][316]LogWorld: Bringing World /Game/Levels/CreateWorld.CreateWorld up for play (max tick rate 0) at 2020.07.25-15.54.42
[2020.07.25-13.54.42:313][316]LogWorld: Bringing up level for play took: 0.000307
[2020.07.25-13.54.42:314][316]LogGameMode: FindPlayerStart: PATHS NOT DEFINED or NO PLAYERSTART with positive rating
[2020.07.25-13.54.42:314][316]LogGameMode: Display: Match State Changed from EnteringMap to WaitingToStart
[2020.07.25-13.54.42:314][316]LogGameState: Match State Changed from EnteringMap to WaitingToStart
[2020.07.25-13.54.42:314][316]LogGameMode: Display: Match State Changed from WaitingToStart to InProgress
[2020.07.25-13.54.42:315][316]LogBlueprintUserMessages: [EditorPawn_C_2147482473] Spawnpoint_S_2
[2020.07.25-13.54.42:315][316]Set new viewmode: Unlit
[2020.07.25-13.54.42:315][316]Debug viewmodes not allowed on consoles by default.  See AllowDebugViewmodes().
[2020.07.25-13.54.42:315][316]LogUMG: Display: Widget Class EditorMenu_C - Loaded Fast Template.
[2020.07.25-13.54.42:315][316]LogUMG: Display: Widget Class EditorInvItem_C - Loaded Fast Template.
[2020.07.25-13.54.42:316][316]PIE: Warning: The widget 'EditorMenu_C' was already added to the screen.
[2020.07.25-13.54.42:316][316]LogGameState: Match State Changed from WaitingToStart to InProgress
[2020.07.25-13.54.42:316][316]LogLoad: Took 0.047390 seconds to LoadMap(/Game/Levels/CreateWorld)
[2020.07.25-13.54.44:024][316]LogSlate: Took 0.000771 seconds to synchronously load lazily loaded font '../../../Engine/Content/Slate/Fonts/Roboto-Regular.ttf' (155K)
[2020.07.25-13.54.49:384][330]LogSlate: Request Window 'DungeonEditor (64-bit Development PCD3D_SM5) ' being destroyed
[2020.07.25-13.54.49:395][330]LogSlate: Window 'DungeonEditor (64-bit Development PCD3D_SM5) ' being destroyed
[2020.07.25-13.54.49:396][330]LogWindowsTextInputMethodSystem: Display: IME system now deactivated.
[2020.07.25-13.54.49:397][331]LogSlate: Updating window title bar state: overlay mode, drag disabled, window buttons hidden, title bar hidden
[2020.07.25-13.54.49:397][331]LogEngine: All Windows Closed
[2020.07.25-13.54.49:397][331]LogWindows: FPlatformMisc::RequestExit(0)
[2020.07.25-13.54.49:397][331]LogCore: Engine exit requested (reason: Win RequestExit)
[2020.07.25-13.54.49:398][332]LogCore: Engine exit requested (reason: EngineExit() was called; note: exit was already requested)
[2020.07.25-13.54.49:398][332]LogAudio: Display: Shutting down audio device while 2 references to it are still alive. For more information, compile with INSTRUMENT_AUDIODEVICE_HANDLES.
[2020.07.25-13.54.49:440][332]LogInit: Display: PreExit Game.
[2020.07.25-13.54.49:462][332]LogWorld: BeginTearingDown for /Game/Levels/CreateWorld
[2020.07.25-13.54.49:465][332]LogWorld: UWorld::CleanupWorld for CreateWorld, bSessionEnded=true, bCleanupResources=true
[2020.07.25-13.54.49:572][332]LogSlate: InvalidateAllWidgets triggered.  All widgets were invalidated
[2020.07.25-13.54.49:832][332]LogExit: Preparing to exit.
[2020.07.25-13.54.49:832][332]LogMoviePlayer: Shutting down movie player
[2020.07.25-13.54.49:837][332]LogSlate: Updating window title bar state: overlay mode, drag disabled, window buttons hidden, title bar hidden
[2020.07.25-13.54.49:891][332]LogDemo: Cleaned up 0 splitscreen connections with owner deletion
[2020.07.25-13.54.49:892][332]LogExit: Game engine shut down
[2020.07.25-13.54.49:925][332]LogAISub: UAISubsystem::~UAISubsystem AISubsystem (000001AA1F5A15C0), frame # 1332
[2020.07.25-13.54.49:925][332]LogAISub: UAISubsystem::~UAISubsystem AIPerceptionSystem (000001AA1CDBC900), frame # 1332
[2020.07.25-13.54.49:925][332]LogAISub: UAISubsystem::~UAISubsystem EnvQueryManager (000001AA1F581000), frame # 1332
[2020.07.25-13.54.49:927][332]LogAISub: UAISubsystem::~UAISubsystem AIPerceptionSystem (000001AA7F5B4340), frame # 1332
[2020.07.25-13.54.49:927][332]LogAISub: UAISubsystem::~UAISubsystem EnvQueryManager (000001AA3B0A2600), frame # 1332
[2020.07.25-13.54.49:977][332]LogExit: Object subsystem successfully closed.
[2020.07.25-13.54.49:989][332]LogModuleManager: Shutting down and abandoning module BuildPatchServices (352)
[2020.07.25-13.54.49:989][332]BuildPatchServicesModule: Shutting Down
[2020.07.25-13.54.49:989][332]VeryVerbose: BuildPatchServicesModule: Removing Ticker
[2020.07.25-13.54.49:989][332]VeryVerbose: BuildPatchServicesModule: Finished shutting down
[2020.07.25-13.54.49:989][332]LogModuleManager: Shutting down and abandoning module AutomationController (350)
[2020.07.25-13.54.49:989][332]LogModuleManager: Shutting down and abandoning module AutomationWorker (348)
[2020.07.25-13.54.49:989][332]LogModuleManager: Shutting down and abandoning module Voice (346)
[2020.07.25-13.54.49:989][332]LogModuleManager: Shutting down and abandoning module AIModule (344)
[2020.07.25-13.54.49:989][332]LogModuleManager: Shutting down and abandoning module GameplayDebugger (343)
[2020.07.25-13.54.49:989][332]LogModuleManager: Shutting down and abandoning module NavigationSystem (341)
[2020.07.25-13.54.49:989][332]LogModuleManager: Shutting down and abandoning module WebMMediaFactory (338)
[2020.07.25-13.54.49:989][332]LogModuleManager: Shutting down and abandoning module WebMMedia (336)
[2020.07.25-13.54.49:989][332]LogModuleManager: Shutting down and abandoning module OculusMR (334)
[2020.07.25-13.54.49:989][332]LogModuleManager: Shutting down and abandoning module WmfMediaFactory (332)
[2020.07.25-13.54.49:989][332]LogModuleManager: Shutting down and abandoning module OpenExrWrapper (330)
[2020.07.25-13.54.49:989][332]LogModuleManager: Shutting down and abandoning module ImgMediaFactory (328)
[2020.07.25-13.54.49:990][332]LogModuleManager: Shutting down and abandoning module AvfMediaFactory (326)
[2020.07.25-13.54.49:990][332]LogModuleManager: Shutting down and abandoning module CharacterAI (324)
[2020.07.25-13.54.49:990][332]LogModuleManager: Shutting down and abandoning module PlanarCut (322)
[2020.07.25-13.54.49:990][332]LogModuleManager: Shutting down and abandoning module SessionServices (320)
[2020.07.25-13.54.49:990][332]LogModuleManager: Shutting down and abandoning module LiveCoding (318)
[2020.07.25-13.54.49:990][332]LogModuleManager: Shutting down and abandoning module LevelSequence (316)
[2020.07.25-13.54.49:990][332]LogModuleManager: Shutting down and abandoning module MovieSceneTracks (314)
[2020.07.25-13.54.49:990][332]LogModuleManager: Shutting down and abandoning module MovieScene (312)
[2020.07.25-13.54.49:990][332]LogModuleManager: Shutting down and abandoning module StreamingPauseRendering (310)
[2020.07.25-13.54.49:990][332]LogModuleManager: Shutting down and abandoning module AudioMixerXAudio2 (308)
[2020.07.25-13.54.49:990][332]LogModuleManager: Shutting down and abandoning module AudioMixerCore (307)
[2020.07.25-13.54.49:990][332]LogModuleManager: Shutting down and abandoning module ImageWriteQueue (304)
[2020.07.25-13.54.49:990][332]LogModuleManager: Shutting down and abandoning module ProfilerService (302)
[2020.07.25-13.54.50:087][332]LogModuleManager: Shutting down and abandoning module TaskGraph (300)
[2020.07.25-13.54.50:087][332]LogModuleManager: Shutting down and abandoning module Synthesis (298)
[2020.07.25-13.54.50:087][332]LogModuleManager: Shutting down and abandoning module OculusInput (296)
[2020.07.25-13.54.50:087][332]LogModuleManager: Shutting down and abandoning module MobilePatchingUtils (294)
[2020.07.25-13.54.50:087][332]LogModuleManager: Shutting down and abandoning module GooglePAD (292)
[2020.07.25-13.54.50:087][332]LogModuleManager: Shutting down and abandoning module CustomMeshComponent (290)
[2020.07.25-13.54.50:087][332]LogModuleManager: Shutting down and abandoning module CableComponent (288)
[2020.07.25-13.54.50:087][332]LogModuleManager: Shutting down and abandoning module AudioCapture (286)
[2020.07.25-13.54.50:087][332]LogModuleManager: Shutting down and abandoning module AudioCaptureRtAudio (285)
[2020.07.25-13.54.50:087][332]LogModuleManager: Shutting down and abandoning module AssetTags (282)
[2020.07.25-13.54.50:087][332]LogModuleManager: Shutting down and abandoning module ArchVisCharacter (280)
[2020.07.25-13.54.50:087][332]LogModuleManager: Shutting down and abandoning module AppleImageUtils (278)
[2020.07.25-13.54.50:087][332]LogModuleManager: Shutting down and abandoning module AndroidPermission (276)
[2020.07.25-13.54.50:087][332]LogModuleManager: Shutting down and abandoning module TemplateSequence (274)
[2020.07.25-13.54.50:087][332]LogModuleManager: Shutting down and abandoning module MediaCompositing (272)
[2020.07.25-13.54.50:087][332]LogModuleManager: Shutting down and abandoning module ImgMedia (270)
[2020.07.25-13.54.50:087][332]LogModuleManager: Shutting down and abandoning module MagicLeapLightEstimation (268)
[2020.07.25-13.54.50:087][332]LogModuleManager: Shutting down and abandoning module MagicLeapHelperVulkan (266)
[2020.07.25-13.54.50:087][332]LogModuleManager: Shutting down and abandoning module MagicLeapHelperOpenGL (264)
[2020.07.25-13.54.50:087][332]LogModuleManager: Shutting down and abandoning module MagicLeapAudio (262)
[2020.07.25-13.54.50:087][332]LogModuleManager: Shutting down and abandoning module MagicLeapSharedWorld (260)
[2020.07.25-13.54.50:087][332]LogModuleManager: Shutting down and abandoning module ChaosNiagara (258)
[2020.07.25-13.54.50:087][332]LogModuleManager: Shutting down and abandoning module ProceduralMeshComponent (256)
[2020.07.25-13.54.50:087][332]LogModuleManager: Shutting down and abandoning module GeometryCollectionTracks (254)
[2020.07.25-13.54.50:087][332]LogModuleManager: Shutting down and abandoning module EditableMesh (252)
[2020.07.25-13.54.50:087][332]LogModuleManager: Shutting down and abandoning module MeshSolverUtilities (250)
[2020.07.25-13.54.50:087][332]LogModuleManager: Shutting down and abandoning module MeshConversion (248)
[2020.07.25-13.54.50:087][332]LogModuleManager: Shutting down and abandoning module DynamicMesh (246)
[2020.07.25-13.54.50:087][332]LogModuleManager: Shutting down and abandoning module GeometryAlgorithms (244)
[2020.07.25-13.54.50:087][332]LogModuleManager: Shutting down and abandoning module GeometricObjects (242)
[2020.07.25-13.54.50:087][332]LogModuleManager: Shutting down and abandoning module ChaosCloth (240)
[2020.07.25-13.54.50:087][332]LogModuleManager: Shutting down and abandoning module BackChannel (238)
[2020.07.25-13.54.50:087][332]LogModuleManager: Shutting down and abandoning module AutomationUtils (236)
[2020.07.25-13.54.50:087][332]LogModuleManager: Shutting down and abandoning module GeometryCacheTracks (234)
[2020.07.25-13.54.50:087][332]LogModuleManager: Shutting down and abandoning module GeometryCache (232)
[2020.07.25-13.54.50:087][332]LogModuleManager: Shutting down and abandoning module UObjectPlugin (230)
[2020.07.25-13.54.50:087][332]LogModuleManager: Shutting down and abandoning module MediaIOCore (228)
[2020.07.25-13.54.50:087][332]LogModuleManager: Shutting down and abandoning module Composure (226)
[2020.07.25-13.54.50:087][332]LogModuleManager: Shutting down and abandoning module RawInput (224)
[2020.07.25-13.54.50:087][332]LogModuleManager: Shutting down and abandoning module PerformanceMonitor (222)
[2020.07.25-13.54.50:087][332]LogModuleManager: Shutting down and abandoning module LoginFlow (220)
[2020.07.25-13.54.50:087][332]LogModuleManager: Shutting down and abandoning module PlayTimeLimit (218)
[2020.07.25-13.54.50:087][332]LogModuleManager: Shutting down and abandoning module Rejoin (216)
[2020.07.25-13.54.50:087][332]LogModuleManager: Shutting down and abandoning module Hotfix (214)
[2020.07.25-13.54.50:087][332]LogModuleManager: Shutting down and abandoning module Lobby (212)
[2020.07.25-13.54.50:087][332]LogModuleManager: Shutting down and abandoning module Party (210)
[2020.07.25-13.54.50:087][332]LogModuleManager: Shutting down and abandoning module Qos (208)
[2020.07.25-13.54.50:087][332]LogModuleManager: Shutting down and abandoning module DungeonEditor (206)
[2020.07.25-13.54.50:087][332]LogModuleManager: Shutting down and abandoning module SoundFields (204)
[2020.07.25-13.54.50:087][332]LogModuleManager: Shutting down and abandoning module RuntimePhysXCooking (202)
[2020.07.25-13.54.50:087][332]LogModuleManager: Shutting down and abandoning module LocationServicesBPLibrary (198)
[2020.07.25-13.54.50:087][332]LogModuleManager: Shutting down and abandoning module ActorSequence (196)
[2020.07.25-13.54.50:087][332]LogModuleManager: Shutting down and abandoning module UdpMessaging (194)
[2020.07.25-13.54.50:087][332]LogModuleManager: Shutting down and abandoning module TcpMessaging (192)
[2020.07.25-13.54.50:087][332]LogModuleManager: Shutting down and abandoning module MagicLeapHandMeshing (190)
[2020.07.25-13.54.50:087][332]LogModuleManager: Shutting down and abandoning module MagicLeapSecureStorage (188)
[2020.07.25-13.54.50:087][332]LogModuleManager: Shutting down and abandoning module MagicLeapPrivileges (186)
[2020.07.25-13.54.50:087][332]LogModuleManager: Shutting down and abandoning module MagicLeapPlanes (184)
[2020.07.25-13.54.50:087][332]LogModuleManager: Shutting down and abandoning module MagicLeapImageTracker (182)
[2020.07.25-13.54.50:087][332]LogModuleManager: Shutting down and abandoning module MagicLeapIdentity (180)
[2020.07.25-13.54.50:087][332]LogModuleManager: Shutting down and abandoning module MagicLeapHandTracking (178)
[2020.07.25-13.54.50:087][332]LogModuleManager: Shutting down and abandoning module MagicLeapEyeTracker (176)
[2020.07.25-13.54.50:087][332]LogModuleManager: Shutting down and abandoning module MagicLeapController (174)
[2020.07.25-13.54.50:087][332]LogSlate: Slate User Destroyed.  User Index 0, Is Virtual User: 0
[2020.07.25-13.54.50:087][332]LogModuleManager: Shutting down and abandoning module MagicLeapARPinImpl (172)
[2020.07.25-13.54.50:087][332]LogModuleManager: Shutting down and abandoning module MagicLeapAR (170)
[2020.07.25-13.54.50:087][332]LogModuleManager: Shutting down and abandoning module AugmentedReality (169)
[2020.07.25-13.54.50:087][332]LogModuleManager: Shutting down and abandoning module MagicLeapARPin (166)
[2020.07.25-13.54.50:087][332]LogModuleManager: Shutting down and abandoning module FacialAnimation (164)
[2020.07.25-13.54.50:087][332]LogModuleManager: Shutting down and abandoning module SignificanceManager (162)
[2020.07.25-13.54.50:087][332]LogModuleManager: Shutting down and abandoning module AnimationSharing (160)
[2020.07.25-13.54.50:087][332]LogModuleManager: Shutting down and abandoning module LightPropagationVolumeRuntime (158)
[2020.07.25-13.54.50:087][332]LogModuleManager: Shutting down and abandoning module Paper2D (156)
[2020.07.25-13.54.50:087][332]LogModuleManager: Shutting down and abandoning module WebBrowserWidget (154)
[2020.07.25-13.54.50:087][332]LogModuleManager: Shutting down and abandoning module WebBrowser (153)
[2020.07.25-13.54.50:092][332]LogModuleManager: Shutting down and abandoning module NiagaraAnimNotifies (150)
[2020.07.25-13.54.50:092][332]LogModuleManager: Shutting down and abandoning module Niagara (148)
[2020.07.25-13.54.50:092][332]LogModuleManager: Shutting down and abandoning module SignalProcessing (147)
[2020.07.25-13.54.50:092][332]LogModuleManager: Shutting down and abandoning module NiagaraCore (144)
[2020.07.25-13.54.50:092][332]LogModuleManager: Shutting down and abandoning module WindowsMoviePlayer (142)
[2020.07.25-13.54.50:093][332]LogModuleManager: Shutting down and abandoning module WebMMoviePlayer (140)
[2020.07.25-13.54.50:093][332]LogModuleManager: Shutting down and abandoning module NetworkReplayStreaming (138)
[2020.07.25-13.54.50:093][332]LogModuleManager: Shutting down and abandoning module PacketHandler (136)
[2020.07.25-13.54.50:093][332]LogModuleManager: Shutting down and abandoning module ClothingSystemRuntimeNv (134)
[2020.07.25-13.54.50:093][332]LogModuleManager: Shutting down and abandoning module MediaAssets (132)
[2020.07.25-13.54.50:093][332]LogModuleManager: Shutting down and abandoning module Overlay (130)
[2020.07.25-13.54.50:093][332]LogModuleManager: Shutting down and abandoning module FunctionalTesting (128)
[2020.07.25-13.54.50:093][332]LogModuleManager: Shutting down and abandoning module MessageLog (126)
[2020.07.25-13.54.50:093][332]LogModuleManager: Shutting down and abandoning module UMG (124)
[2020.07.25-13.54.50:093][332]LogModuleManager: Shutting down and abandoning module SlateReflector (122)
[2020.07.25-13.54.50:093][332]LogModuleManager: Shutting down and abandoning module Slate (120)
[2020.07.25-13.54.50:093][332]LogModuleManager: Shutting down and abandoning module SlateCore (118)
[2020.07.25-13.54.50:093][332]LogModuleManager: Shutting down and abandoning module MRMesh (116)
[2020.07.25-13.54.50:093][332]LogModuleManager: Shutting down and abandoning module Messaging (114)
[2020.07.25-13.54.50:093][332]LogModuleManager: Shutting down and abandoning module HeadMountedDisplay (112)
[2020.07.25-13.54.50:093][332]LogModuleManager: Shutting down and abandoning module XAudio2 (110)
[2020.07.25-13.54.50:093][332]LogModuleManager: Shutting down and abandoning module Networking (108)
[2020.07.25-13.54.50:093][332]LogModuleManager: Shutting down and abandoning module Core (106)
[2020.07.25-13.54.50:093][332]LogModuleManager: Shutting down and abandoning module ImageWrapper (102)
[2020.07.25-13.54.50:093][332]LogModuleManager: Shutting down and abandoning module InputCore (100)
[2020.07.25-13.54.50:093][332]LogModuleManager: Shutting down and abandoning module Settings (98)
[2020.07.25-13.54.50:093][332]LogModuleManager: Shutting down and abandoning module PhysXCooking (96)
[2020.07.25-13.54.50:093][332]LogModuleManager: Shutting down and abandoning module ChaosSolvers (94)
[2020.07.25-13.54.50:093][332]LogModuleManager: Shutting down and abandoning module FieldSystemEngine (93)
[2020.07.25-13.54.50:093][332]LogModuleManager: Shutting down and abandoning module Chaos (90)
[2020.07.25-13.54.50:093][332]LogModuleManager: Shutting down and abandoning module WindowsPlatformFeatures (88)
[2020.07.25-13.54.50:093][332]LogModuleManager: Shutting down and abandoning module GameplayMediaEncoder (87)
[2020.07.25-13.54.50:093][332]LogModuleManager: Shutting down and abandoning module AVEncoder (86)
[2020.07.25-13.54.50:093][332]LogModuleManager: Shutting down and abandoning module SteamVRInputDevice (82)
[2020.07.25-13.54.50:093][332]LogModuleManager: Shutting down and abandoning module SteamVRInput (80)
[2020.07.25-13.54.50:093][332]LogModuleManager: Shutting down and abandoning module SteamVR (78)
[2020.07.25-13.54.50:093][332]LogHMD: Freeing OpenVRDLLHandle.
[2020.07.25-13.54.50:093][332]LogModuleManager: Shutting down and abandoning module OculusHMD (76)
[2020.07.25-13.54.50:093][332]LogModuleManager: Shutting down and abandoning module ExampleDeviceProfileSelector (74)
[2020.07.25-13.54.50:093][332]LogModuleManager: Shutting down and abandoning module LauncherChunkInstaller (72)
[2020.07.25-13.54.50:093][332]LogModuleManager: Shutting down and abandoning module WmfMedia (70)
[2020.07.25-13.54.50:093][332]LogModuleManager: Shutting down and abandoning module Media (69)
[2020.07.25-13.54.50:093][332]LogModuleManager: Shutting down and abandoning module MagicLeap (66)
[2020.07.25-13.54.50:093][332]LogModuleManager: Shutting down and abandoning module VariantManagerContent (64)
[2020.07.25-13.54.50:093][332]LogModuleManager: Shutting down and abandoning module DatasmithContent (62)
[2020.07.25-13.54.50:094][332]LogModuleManager: Shutting down and abandoning module AISupportModule (60)
[2020.07.25-13.54.50:094][332]LogModuleManager: Shutting down and abandoning module OpenColorIO (58)
[2020.07.25-13.54.50:094][332]LogModuleManager: Shutting down and abandoning module LensDistortion (56)
[2020.07.25-13.54.50:094][332]LogModuleManager: Shutting down and abandoning module OnlineSubsystem (52)
[2020.07.25-13.54.50:094][332]LogModuleManager: Shutting down and abandoning module HTTP (47)
[2020.07.25-13.54.50:105][332]LogModuleManager: Shutting down and abandoning module SSL (46)
[2020.07.25-13.54.50:105][332]LogModuleManager: Shutting down and abandoning module HTTPChunkInstaller (42)
[2020.07.25-13.54.50:105][332]LogModuleManager: Shutting down and abandoning module NiagaraVertexFactories (40)
[2020.07.25-13.54.50:105][332]LogModuleManager: Shutting down and abandoning module NiagaraShader (38)
[2020.07.25-13.54.50:105][332]LogModuleManager: Shutting down and abandoning module PlatformCryptoOpenSSL (36)
[2020.07.25-13.54.50:105][332]LogModuleManager: Shutting down and abandoning module PlatformCryptoTypes (34)
[2020.07.25-13.54.50:105][332]LogModuleManager: Shutting down and abandoning module PlatformCrypto (32)
[2020.07.25-13.54.50:105][332]LogModuleManager: Shutting down and abandoning module RenderCore (30)
[2020.07.25-13.54.50:105][332]LogModuleManager: Shutting down and abandoning module Landscape (28)
[2020.07.25-13.54.50:105][332]LogModuleManager: Shutting down and abandoning module SlateRHIRenderer (26)
[2020.07.25-13.54.50:105][332]LogModuleManager: Shutting down and abandoning module OpenGLDrv (24)
[2020.07.25-13.54.50:105][332]LogModuleManager: Shutting down and abandoning module D3D11RHI (22)
[2020.07.25-13.54.50:105][332]LogModuleManager: Shutting down and abandoning module AnimGraphRuntime (20)
[2020.07.25-13.54.50:105][332]LogModuleManager: Shutting down and abandoning module Renderer (18)
[2020.07.25-13.54.50:105][332]LogModuleManager: Shutting down and abandoning module Engine (16)
[2020.07.25-13.54.50:105][332]LogModuleManager: Shutting down and abandoning module CoreUObject (14)
[2020.07.25-13.54.50:105][332]LogModuleManager: Shutting down and abandoning module NetworkFile (12)
[2020.07.25-13.54.50:105][332]LogModuleManager: Shutting down and abandoning module CookedIterativeFile (10)
[2020.07.25-13.54.50:105][332]LogModuleManager: Shutting down and abandoning module StreamingFile (8)
[2020.07.25-13.54.50:105][332]LogModuleManager: Shutting down and abandoning module SandboxFile (6)
[2020.07.25-13.54.50:105][332]LogModuleManager: Shutting down and abandoning module PakFile (4)
[2020.07.25-13.54.50:106][332]LogModuleManager: Shutting down and abandoning module RSA (3)
[2020.07.25-13.54.50:106][332]LogContentStreaming: Display: There are 1 unreleased StreamingManagers
[2020.07.25-13.54.50:107][332]LogD3D11RHI: Shutdown
[2020.07.25-13.54.50:107][332]LogD3D11RHI: CleanupD3DDevice
[2020.07.25-13.54.50:115][332]LogExit: Exiting.
[2020.07.25-13.54.50:176][332]Log file closed, 07/25/20 15:54:50
